[    78.001] (WW) Failed to open protocol names file lib/xorg/protocol.txt
[    78.001] 
X.Org X Server 1.20.8
X Protocol Version 11, Revision 0
[    78.001] Build Operating System: Linux Arch Linux
[    78.001] Current Operating System: Linux infolab 5.7.9-arch1-1 #1 SMP PREEMPT Thu, 16 Jul 2020 19:34:49 +0000 x86_64
[    78.001] Kernel command line: BOOT_IMAGE=/boot/vmlinuz-linux root=UUID=31cdfd26-cf2e-4573-82fd-fa27349bf5de rw loglevel=3
[    78.002] Build Date: 05 May 2020  05:08:17AM
[    78.002]  
[    78.002] Current version of pixman: 0.40.0
[    78.002] 	Before reporting problems, check http://wiki.x.org
	to make sure that you have the latest version.
[    78.002] Markers: (--) probed, (**) from config file, (==) default setting,
	(++) from command line, (!!) notice, (II) informational,
	(WW) warning, (EE) error, (NI) not implemented, (??) unknown.
[    78.002] (==) Log file: "/home/cong/.local/share/xorg/Xorg.0.log", Time: Mon Aug  3 07:38:28 2020
[    78.045] (==) Using system config directory "/usr/share/X11/xorg.conf.d"
[    78.063] (==) No Layout section.  Using the first Screen section.
[    78.063] (==) No screen section available. Using defaults.
[    78.063] (**) |-->Screen "Default Screen Section" (0)
[    78.063] (**) |   |-->Monitor "<default monitor>"
[    78.077] (==) No monitor specified for screen "Default Screen Section".
	Using a default monitor configuration.
[    78.077] (==) Automatically adding devices
[    78.077] (==) Automatically enabling devices
[    78.077] (==) Automatically adding GPU devices
[    78.077] (==) Automatically binding GPU devices
[    78.077] (==) Max clients allowed: 256, resource mask: 0x1fffff
[    78.090] (WW) The directory "/usr/share/fonts/misc" does not exist.
[    78.091] 	Entry deleted from font path.
[    78.094] (WW) `fonts.dir' not found (or not valid) in "/usr/share/fonts/TTF".
[    78.094] 	Entry deleted from font path.
[    78.094] 	(Run 'mkfontdir' on "/usr/share/fonts/TTF").
[    78.094] (WW) The directory "/usr/share/fonts/OTF" does not exist.
[    78.094] 	Entry deleted from font path.
[    78.094] (WW) `fonts.dir' not found (or not valid) in "/usr/share/fonts/Type1".
[    78.094] 	Entry deleted from font path.
[    78.094] 	(Run 'mkfontdir' on "/usr/share/fonts/Type1").
[    78.094] (WW) The directory "/usr/share/fonts/100dpi" does not exist.
[    78.095] 	Entry deleted from font path.
[    78.095] (WW) The directory "/usr/share/fonts/75dpi" does not exist.
[    78.095] 	Entry deleted from font path.
[    78.095] (==) FontPath set to:
	
[    78.095] (==) ModulePath set to "/usr/lib/xorg/modules"
[    78.095] (II) The server relies on udev to provide the list of input devices.
	If no devices become available, reconfigure udev or disable AutoAddDevices.
[    78.095] (II) Module ABI versions:
[    78.095] 	X.Org ANSI C Emulation: 0.4
[    78.095] 	X.Org Video Driver: 24.1
[    78.095] 	X.Org XInput driver : 24.1
[    78.095] 	X.Org Server Extension : 10.0
[    78.096] (++) using VT number 1

[    78.101] (II) systemd-logind: took control of session /org/freedesktop/login1/session/_31
[    78.103] (II) xfree86: Adding drm device (/dev/dri/card1)
[    78.105] (II) systemd-logind: got fd for /dev/dri/card1 226:1 fd 10 paused 0
[    78.106] (II) xfree86: Adding drm device (/dev/dri/card0)
[    78.108] (II) systemd-logind: got fd for /dev/dri/card0 226:0 fd 11 paused 0
[    78.112] (--) PCI: (0@0:2:0) 8086:5912:1043:8694 rev 4, Mem @ 0xf5000000/16777216, 0xd0000000/268435456, I/O @ 0x0000f000/64
[    78.112] (--) PCI:*(1@0:0:0) 10de:1c03:7377:1120 rev 161, Mem @ 0xf6000000/16777216, 0xe0000000/268435456, 0xf0000000/33554432, I/O @ 0x0000e000/128, BIOS @ 0x????????/131072
[    78.112] (WW) Open ACPI failed (/var/run/acpid.socket) (No such file or directory)
[    78.113] (II) LoadModule: "glx"
[    78.121] (II) Loading /usr/lib/xorg/modules/extensions/libglx.so
[    78.167] (II) Module glx: vendor="X.Org Foundation"
[    78.167] 	compiled for 1.20.8, module version = 1.0.0
[    78.167] 	ABI class: X.Org Server Extension, version 10.0
[    78.167] (==) Matched nouveau as autoconfigured driver 0
[    78.167] (==) Matched nv as autoconfigured driver 1
[    78.167] (==) Matched intel as autoconfigured driver 2
[    78.167] (==) Matched modesetting as autoconfigured driver 3
[    78.167] (==) Matched fbdev as autoconfigured driver 4
[    78.167] (==) Matched vesa as autoconfigured driver 5
[    78.167] (==) Assigned the driver to the xf86ConfigLayout
[    78.167] (II) LoadModule: "nouveau"
[    78.168] (II) Loading /usr/lib/xorg/modules/drivers/nouveau_drv.so
[    78.192] (II) Module nouveau: vendor="X.Org Foundation"
[    78.192] 	compiled for 1.20.8, module version = 1.0.16
[    78.192] 	Module class: X.Org Video Driver
[    78.192] 	ABI class: X.Org Video Driver, version 24.1
[    78.192] (II) LoadModule: "nv"
[    78.192] (WW) Warning, couldn't open module nv
[    78.192] (EE) Failed to load module "nv" (module does not exist, 0)
[    78.192] (II) LoadModule: "intel"
[    78.192] (WW) Warning, couldn't open module intel
[    78.192] (EE) Failed to load module "intel" (module does not exist, 0)
[    78.192] (II) LoadModule: "modesetting"
[    78.193] (II) Loading /usr/lib/xorg/modules/drivers/modesetting_drv.so
[    78.222] (II) Module modesetting: vendor="X.Org Foundation"
[    78.222] 	compiled for 1.20.8, module version = 1.20.8
[    78.222] 	Module class: X.Org Video Driver
[    78.222] 	ABI class: X.Org Video Driver, version 24.1
[    78.222] (II) LoadModule: "fbdev"
[    78.222] (WW) Warning, couldn't open module fbdev
[    78.222] (EE) Failed to load module "fbdev" (module does not exist, 0)
[    78.222] (II) LoadModule: "vesa"
[    78.222] (WW) Warning, couldn't open module vesa
[    78.222] (EE) Failed to load module "vesa" (module does not exist, 0)
[    78.222] (II) NOUVEAU driver 
[    78.222] (II) NOUVEAU driver for NVIDIA chipset families :
[    78.222] 	RIVA TNT            (NV04)
[    78.223] 	RIVA TNT2           (NV05)
[    78.223] 	GeForce 256         (NV10)
[    78.223] 	GeForce 2           (NV11, NV15)
[    78.223] 	GeForce 4MX         (NV17, NV18)
[    78.223] 	GeForce 3           (NV20)
[    78.223] 	GeForce 4Ti         (NV25, NV28)
[    78.223] 	GeForce FX          (NV3x)
[    78.223] 	GeForce 6           (NV4x)
[    78.223] 	GeForce 7           (G7x)
[    78.223] 	GeForce 8           (G8x)
[    78.223] 	GeForce 9           (G9x)
[    78.223] 	GeForce GTX 2xx/3xx (GT2xx)
[    78.223] 	GeForce GTX 4xx/5xx (GFxxx)
[    78.223] 	GeForce GTX 6xx/7xx (GKxxx)
[    78.223] 	GeForce GTX 9xx     (GMxxx)
[    78.223] 	GeForce GTX 10xx    (GPxxx)
[    78.223] (II) modesetting: Driver for Modesetting Kernel Drivers: kms
[    78.224] (II) [drm] nouveau interface version: 1.3.1
[    78.224] (WW) Falling back to old probe method for modesetting
[    78.224] (II) modeset(G0): using drv /dev/dri/card0
[    78.224] (WW) VGA arbiter: cannot open kernel arbiter, no multi-card support
[    78.224] (II) Loading sub module "dri2"
[    78.224] (II) LoadModule: "dri2"
[    78.224] (II) Module "dri2" already built-in
[    78.224] (--) NOUVEAU(0): Chipset: "NVIDIA NV136"
[    78.224] (II) NOUVEAU(0): Creating default Display subsection in Screen section
	"Default Screen Section" for depth/fbbpp 24/32
[    78.224] (==) NOUVEAU(0): Depth 24, (--) framebuffer bpp 32
[    78.224] (==) NOUVEAU(0): RGB weight 888
[    78.224] (==) NOUVEAU(0): Default visual is TrueColor
[    78.224] (==) NOUVEAU(0): Using HW cursor
[    78.224] (==) NOUVEAU(0): Allowed maximum DRI level 2.
[    78.224] (==) NOUVEAU(0): GLX sync to VBlank enabled.
[    78.224] (==) NOUVEAU(0): Page flipping enabled
[    78.224] (==) NOUVEAU(0): Swap limit set to 1 [Max allowed 2]
[    78.224] (==) NOUVEAU(0): Page flipping synced to vblank by kernel.
[    78.224] (II) NOUVEAU(0): Initializing outputs ...
[    78.294] (II) NOUVEAU(0): Output DVI-D-1 has no monitor section
[    78.344] (II) NOUVEAU(0): Output DP-2 has no monitor section
[    78.398] (II) NOUVEAU(0): Output DP-3 has no monitor section
[    78.465] (II) NOUVEAU(0): Output HDMI-2 has no monitor section
[    78.518] (II) NOUVEAU(0): Output DP-4 has no monitor section
[    78.518] (II) NOUVEAU(0): 5 crtcs needed for screen.
[    78.522] (II) NOUVEAU(0): Allocated crtc nr. 0 to this screen.
[    78.522] (II) NOUVEAU(0): Allocated crtc nr. 1 to this screen.
[    78.522] (II) NOUVEAU(0): Allocated crtc nr. 2 to this screen.
[    78.522] (II) NOUVEAU(0): Allocated crtc nr. 3 to this screen.
[    78.589] (II) NOUVEAU(0): EDID for output DVI-D-1
[    78.589] (II) NOUVEAU(0): Manufacturer: SAM  Model: dcc  Serial#: 0
[    78.589] (II) NOUVEAU(0): Year: 2016  Week: 9
[    78.589] (II) NOUVEAU(0): EDID Version: 1.3
[    78.589] (II) NOUVEAU(0): Digital Display Input
[    78.589] (II) NOUVEAU(0): Max Image Size [cm]: horiz.: 70  vert.: 39
[    78.589] (II) NOUVEAU(0): Gamma: 2.20
[    78.589] (II) NOUVEAU(0): No DPMS capabilities specified
[    78.589] (II) NOUVEAU(0): Supported color encodings: RGB 4:4:4 YCrCb 4:4:4 
[    78.589] (II) NOUVEAU(0): First detailed timing is preferred mode
[    78.589] (II) NOUVEAU(0): redX: 0.646 redY: 0.337   greenX: 0.326 greenY: 0.615
[    78.589] (II) NOUVEAU(0): blueX: 0.146 blueY: 0.056   whiteX: 0.313 whiteY: 0.329
[    78.589] (II) NOUVEAU(0): Supported established timings:
[    78.589] (II) NOUVEAU(0): 720x400@70Hz
[    78.589] (II) NOUVEAU(0): 640x480@60Hz
[    78.589] (II) NOUVEAU(0): 640x480@67Hz
[    78.589] (II) NOUVEAU(0): 640x480@72Hz
[    78.589] (II) NOUVEAU(0): 800x600@60Hz
[    78.589] (II) NOUVEAU(0): 800x600@72Hz
[    78.589] (II) NOUVEAU(0): 1024x768@60Hz
[    78.589] (II) NOUVEAU(0): 1024x768@70Hz
[    78.589] (II) NOUVEAU(0): Manufacturer's mask: 0
[    78.589] (II) NOUVEAU(0): Supported standard timings:
[    78.589] (II) NOUVEAU(0): #0: hsize: 1680  vsize 1050  refresh: 60  vid: 179
[    78.589] (II) NOUVEAU(0): #1: hsize: 1280  vsize 720  refresh: 60  vid: 49281
[    78.589] (II) NOUVEAU(0): #2: hsize: 1280  vsize 800  refresh: 60  vid: 129
[    78.589] (II) NOUVEAU(0): #3: hsize: 1280  vsize 1024  refresh: 60  vid: 32897
[    78.589] (II) NOUVEAU(0): #4: hsize: 1440  vsize 900  refresh: 60  vid: 149
[    78.589] (II) NOUVEAU(0): #5: hsize: 1600  vsize 900  refresh: 60  vid: 49321
[    78.589] (II) NOUVEAU(0): Supported detailed timing:
[    78.589] (II) NOUVEAU(0): clock: 148.5 MHz   Image Size:  698 x 393 mm
[    78.589] (II) NOUVEAU(0): h_active: 1920  h_sync: 2008  h_sync_end 2052 h_blank_end 2200 h_border: 0
[    78.589] (II) NOUVEAU(0): v_active: 1080  v_sync: 1084  v_sync_end 1089 v_blanking: 1125 v_border: 0
[    78.589] (II) NOUVEAU(0): Supported detailed timing:
[    78.589] (II) NOUVEAU(0): clock: 85.5 MHz   Image Size:  698 x 393 mm
[    78.589] (II) NOUVEAU(0): h_active: 1366  h_sync: 1436  h_sync_end 1579 h_blank_end 1792 h_border: 0
[    78.589] (II) NOUVEAU(0): v_active: 768  v_sync: 771  v_sync_end 774 v_blanking: 798 v_border: 0
[    78.589] (II) NOUVEAU(0): Ranges: V min: 24 V max: 72 Hz, H min: 15 H max: 81 kHz, PixClock max 235 MHz
[    78.589] (II) NOUVEAU(0): Monitor name: V32F391
[    78.589] (II) NOUVEAU(0): Supported detailed timing:
[    78.589] (II) NOUVEAU(0): clock: 74.2 MHz   Image Size:  698 x 393 mm
[    78.589] (II) NOUVEAU(0): h_active: 1280  h_sync: 1390  h_sync_end 1430 h_blank_end 1650 h_border: 0
[    78.589] (II) NOUVEAU(0): v_active: 720  v_sync: 725  v_sync_end 730 v_blanking: 750 v_border: 0
[    78.589] (II) NOUVEAU(0): Supported detailed timing:
[    78.589] (II) NOUVEAU(0): clock: 74.2 MHz   Image Size:  698 x 393 mm
[    78.589] (II) NOUVEAU(0): h_active: 1920  h_sync: 2008  h_sync_end 2052 h_blank_end 2200 h_border: 0
[    78.589] (II) NOUVEAU(0): v_active: 540  v_sync: 542  v_sync_end 547 v_blanking: 562 v_border: 0
[    78.589] (II) NOUVEAU(0): Supported detailed timing:
[    78.589] (II) NOUVEAU(0): clock: 74.2 MHz   Image Size:  698 x 393 mm
[    78.589] (II) NOUVEAU(0): h_active: 1280  h_sync: 1720  h_sync_end 1760 h_blank_end 1980 h_border: 0
[    78.589] (II) NOUVEAU(0): v_active: 720  v_sync: 725  v_sync_end 730 v_blanking: 750 v_border: 0
[    78.589] (II) NOUVEAU(0): Supported detailed timing:
[    78.589] (II) NOUVEAU(0): clock: 74.2 MHz   Image Size:  698 x 393 mm
[    78.589] (II) NOUVEAU(0): h_active: 1920  h_sync: 2448  h_sync_end 2492 h_blank_end 2640 h_border: 0
[    78.589] (II) NOUVEAU(0): v_active: 540  v_sync: 542  v_sync_end 547 v_blanking: 562 v_border: 0
[    78.589] (II) NOUVEAU(0): Number of EDID sections to follow: 1
[    78.589] (II) NOUVEAU(0): EDID (in hex):
[    78.589] (II) NOUVEAU(0): 	00ffffffffffff004c2dcc0d00000000
[    78.589] (II) NOUVEAU(0): 	091a0103804627780a5a95a556539d25
[    78.589] (II) NOUVEAU(0): 	0e5054b98c00b30081c0810081809500
[    78.589] (II) NOUVEAU(0): 	a9c001010101023a801871382d40582c
[    78.589] (II) NOUVEAU(0): 	4500ba892100001e662156aa51001e30
[    78.589] (II) NOUVEAU(0): 	468f3300ba892100001e000000fd0018
[    78.589] (II) NOUVEAU(0): 	480f5117000a202020202020000000fc
[    78.589] (II) NOUVEAU(0): 	00563332463339310a202020202001e8
[    78.589] (II) NOUVEAU(0): 	02032bf14d901f041305140312202122
[    78.589] (II) NOUVEAU(0): 	0716290907071507503d04c083010000
[    78.589] (II) NOUVEAU(0): 	e2000f67030c001000b82d011d007251
[    78.589] (II) NOUVEAU(0): 	d01e206e285500ba892100001e011d80
[    78.589] (II) NOUVEAU(0): 	18711c1620582c2500ba892100009e01
[    78.589] (II) NOUVEAU(0): 	1d00bc52d01e20b8285540ba89210000
[    78.589] (II) NOUVEAU(0): 	1e011d80d0721c1620102c2580ba8921
[    78.589] (II) NOUVEAU(0): 	00009e000000000000000000000000cb
[    78.589] (--) NOUVEAU(0): HDMI max TMDS frequency 225000KHz
[    78.589] (II) NOUVEAU(0): Printing probed modes for output DVI-D-1
[    78.589] (II) NOUVEAU(0): Modeline "1920x1080"x60.0  148.50  1920 2008 2052 2200  1080 1084 1089 1125 +hsync +vsync (67.5 kHz eP)
[    78.589] (II) NOUVEAU(0): Modeline "1920x1080"x50.0  148.50  1920 2448 2492 2640  1080 1084 1089 1125 +hsync +vsync (56.2 kHz e)
[    78.589] (II) NOUVEAU(0): Modeline "1920x1080"x59.9  148.35  1920 2008 2052 2200  1080 1084 1089 1125 +hsync +vsync (67.4 kHz e)
[    78.589] (II) NOUVEAU(0): Modeline "1920x1080i"x60.0   74.25  1920 2008 2052 2200  1080 1084 1094 1125 interlace +hsync +vsync (33.8 kHz e)
[    78.589] (II) NOUVEAU(0): Modeline "1920x1080i"x50.0   74.25  1920 2448 2492 2640  1080 1084 1094 1125 interlace +hsync +vsync (28.1 kHz e)
[    78.589] (II) NOUVEAU(0): Modeline "1920x1080"x30.0   74.25  1920 2008 2052 2200  1080 1084 1089 1125 +hsync +vsync (33.8 kHz e)
[    78.589] (II) NOUVEAU(0): Modeline "1920x1080"x25.0   74.25  1920 2448 2492 2640  1080 1084 1089 1125 +hsync +vsync (28.1 kHz e)
[    78.589] (II) NOUVEAU(0): Modeline "1920x1080"x24.0   74.25  1920 2558 2602 2750  1080 1084 1089 1125 +hsync +vsync (27.0 kHz e)
[    78.589] (II) NOUVEAU(0): Modeline "1920x1080i"x59.9   74.18  1920 2008 2052 2200  1080 1084 1094 1125 interlace +hsync +vsync (33.7 kHz e)
[    78.589] (II) NOUVEAU(0): Modeline "1920x1080"x30.0   74.18  1920 2008 2052 2200  1080 1084 1089 1125 +hsync +vsync (33.7 kHz e)
[    78.589] (II) NOUVEAU(0): Modeline "1920x1080"x24.0   74.18  1920 2558 2602 2750  1080 1084 1089 1125 +hsync +vsync (27.0 kHz e)
[    78.589] (II) NOUVEAU(0): Modeline "1680x1050"x59.9  119.00  1680 1728 1760 1840  1050 1053 1059 1080 +hsync -vsync (64.7 kHz e)
[    78.589] (II) NOUVEAU(0): Modeline "1600x900"x60.0  108.00  1600 1624 1704 1800  900 901 904 1000 +hsync +vsync (60.0 kHz e)
[    78.589] (II) NOUVEAU(0): Modeline "1280x1024"x60.0  108.00  1280 1328 1440 1688  1024 1025 1028 1066 +hsync +vsync (64.0 kHz e)
[    78.589] (II) NOUVEAU(0): Modeline "1440x900"x59.9   88.75  1440 1488 1520 1600  900 903 909 926 +hsync -vsync (55.5 kHz e)
[    78.589] (II) NOUVEAU(0): Modeline "1366x768"x59.8   85.50  1366 1436 1579 1792  768 771 774 798 +hsync +vsync (47.7 kHz e)
[    78.589] (II) NOUVEAU(0): Modeline "1280x800"x59.9   71.00  1280 1328 1360 1440  800 803 809 823 +hsync -vsync (49.3 kHz e)
[    78.589] (II) NOUVEAU(0): Modeline "1280x720"x60.0   74.25  1280 1390 1430 1650  720 725 730 750 +hsync +vsync (45.0 kHz e)
[    78.589] (II) NOUVEAU(0): Modeline "1280x720"x50.0   74.25  1280 1720 1760 1980  720 725 730 750 +hsync +vsync (37.5 kHz e)
[    78.589] (II) NOUVEAU(0): Modeline "1280x720"x59.9   74.18  1280 1390 1430 1650  720 725 730 750 +hsync +vsync (45.0 kHz e)
[    78.589] (II) NOUVEAU(0): Modeline "1024x768"x70.1   75.00  1024 1048 1184 1328  768 771 777 806 -hsync -vsync (56.5 kHz e)
[    78.589] (II) NOUVEAU(0): Modeline "1024x768"x60.0   65.00  1024 1048 1184 1344  768 771 777 806 -hsync -vsync (48.4 kHz e)
[    78.589] (II) NOUVEAU(0): Modeline "800x600"x72.2   50.00  800 856 976 1040  600 637 643 666 +hsync +vsync (48.1 kHz e)
[    78.589] (II) NOUVEAU(0): Modeline "800x600"x60.3   40.00  800 840 968 1056  600 601 605 628 +hsync +vsync (37.9 kHz e)
[    78.589] (II) NOUVEAU(0): Modeline "720x576"x50.0   27.00  720 732 796 864  576 581 586 625 -hsync -vsync (31.2 kHz e)
[    78.589] (II) NOUVEAU(0): Modeline "720x480"x60.0   27.03  720 736 798 858  480 489 495 525 -hsync -vsync (31.5 kHz e)
[    78.589] (II) NOUVEAU(0): Modeline "720x480"x59.9   27.00  720 736 798 858  480 489 495 525 -hsync -vsync (31.5 kHz e)
[    78.589] (II) NOUVEAU(0): Modeline "640x480"x72.8   31.50  640 664 704 832  480 489 492 520 -hsync -vsync (37.9 kHz e)
[    78.589] (II) NOUVEAU(0): Modeline "640x480"x66.7   30.24  640 704 768 864  480 483 486 525 -hsync -vsync (35.0 kHz e)
[    78.589] (II) NOUVEAU(0): Modeline "640x480"x60.0   25.20  640 656 752 800  480 490 492 525 -hsync -vsync (31.5 kHz e)
[    78.589] (II) NOUVEAU(0): Modeline "640x480"x59.9   25.18  640 656 752 800  480 490 492 525 -hsync -vsync (31.5 kHz e)
[    78.589] (II) NOUVEAU(0): Modeline "720x400"x70.1   28.32  720 738 846 900  400 412 414 449 -hsync +vsync (31.5 kHz e)
[    78.641] (II) NOUVEAU(0): EDID for output DP-2
[    78.694] (II) NOUVEAU(0): EDID for output DP-3
[    78.762] (II) NOUVEAU(0): EDID for output HDMI-2
[    78.762] (II) NOUVEAU(0): Manufacturer: GSM  Model: 76f5  Serial#: 16843009
[    78.762] (II) NOUVEAU(0): Year: 2014  Week: 1
[    78.762] (II) NOUVEAU(0): EDID Version: 1.3
[    78.762] (II) NOUVEAU(0): Digital Display Input
[    78.762] (II) NOUVEAU(0): Max Image Size [cm]: horiz.: 70  vert.: 39
[    78.762] (II) NOUVEAU(0): Gamma: 2.20
[    78.762] (II) NOUVEAU(0): DPMS capabilities: StandBy Suspend Off
[    78.762] (II) NOUVEAU(0): Supported color encodings: RGB 4:4:4 YCrCb 4:4:4 
[    78.762] (II) NOUVEAU(0): First detailed timing is preferred mode
[    78.762] (II) NOUVEAU(0): redX: 0.647 redY: 0.331   greenX: 0.316 greenY: 0.577
[    78.762] (II) NOUVEAU(0): blueX: 0.149 blueY: 0.071   whiteX: 0.281 whiteY: 0.288
[    78.762] (II) NOUVEAU(0): Supported established timings:
[    78.762] (II) NOUVEAU(0): 640x480@60Hz
[    78.762] (II) NOUVEAU(0): 800x600@56Hz
[    78.762] (II) NOUVEAU(0): 800x600@60Hz
[    78.762] (II) NOUVEAU(0): 1024x768@60Hz
[    78.762] (II) NOUVEAU(0): Manufacturer's mask: 0
[    78.762] (II) NOUVEAU(0): Supported standard timings:
[    78.762] (II) NOUVEAU(0): #1: hsize: 1280  vsize 720  refresh: 60  vid: 49281
[    78.762] (II) NOUVEAU(0): #2: hsize: 1280  vsize 800  refresh: 60  vid: 129
[    78.762] (II) NOUVEAU(0): #3: hsize: 1280  vsize 1024  refresh: 60  vid: 32897
[    78.762] (II) NOUVEAU(0): #4: hsize: 1440  vsize 900  refresh: 60  vid: 149
[    78.762] (II) NOUVEAU(0): #5: hsize: 1400  vsize 1050  refresh: 60  vid: 16528
[    78.762] (II) NOUVEAU(0): #6: hsize: 1600  vsize 900  refresh: 60  vid: 49321
[    78.762] (II) NOUVEAU(0): #7: hsize: 1680  vsize 1050  refresh: 60  vid: 179
[    78.762] (II) NOUVEAU(0): Supported detailed timing:
[    78.762] (II) NOUVEAU(0): clock: 148.5 MHz   Image Size:  698 x 392 mm
[    78.762] (II) NOUVEAU(0): h_active: 1920  h_sync: 2008  h_sync_end 2052 h_blank_end 2200 h_border: 0
[    78.762] (II) NOUVEAU(0): v_active: 1080  v_sync: 1084  v_sync_end 1089 v_blanking: 1125 v_border: 0
[    78.762] (II) NOUVEAU(0): Supported detailed timing:
[    78.762] (II) NOUVEAU(0): clock: 146.2 MHz   Image Size:  698 x 392 mm
[    78.762] (II) NOUVEAU(0): h_active: 1680  h_sync: 1784  h_sync_end 1960 h_blank_end 2240 h_border: 0
[    78.762] (II) NOUVEAU(0): v_active: 1050  v_sync: 1053  v_sync_end 1059 v_blanking: 1089 v_border: 0
[    78.762] (II) NOUVEAU(0): Ranges: V min: 56 V max: 61 Hz, H min: 30 H max: 83 kHz, PixClock max 155 MHz
[    78.762] (II) NOUVEAU(0): Monitor name: 32inch LG FHD
[    78.762] (II) NOUVEAU(0): Supported detailed timing:
[    78.762] (II) NOUVEAU(0): clock: 74.2 MHz   Image Size:  598 x 336 mm
[    78.762] (II) NOUVEAU(0): h_active: 1280  h_sync: 1336  h_sync_end 1472 h_blank_end 1651 h_border: 0
[    78.762] (II) NOUVEAU(0): v_active: 720  v_sync: 721  v_sync_end 726 v_blanking: 750 v_border: 0
[    78.762] (II) NOUVEAU(0): Supported detailed timing:
[    78.762] (II) NOUVEAU(0): clock: 74.2 MHz   Image Size:  598 x 336 mm
[    78.762] (II) NOUVEAU(0): h_active: 1920  h_sync: 2008  h_sync_end 2052 h_blank_end 2200 h_border: 0
[    78.762] (II) NOUVEAU(0): v_active: 540  v_sync: 542  v_sync_end 547 v_blanking: 562 v_border: 0
[    78.762] (II) NOUVEAU(0): Supported detailed timing:
[    78.762] (II) NOUVEAU(0): clock: 74.2 MHz   Image Size:  708 x 398 mm
[    78.762] (II) NOUVEAU(0): h_active: 1920  h_sync: 2448  h_sync_end 2492 h_blank_end 2640 h_border: 0
[    78.762] (II) NOUVEAU(0): v_active: 540  v_sync: 542  v_sync_end 547 v_blanking: 562 v_border: 0
[    78.762] (II) NOUVEAU(0): Supported detailed timing:
[    78.762] (II) NOUVEAU(0): clock: 148.5 MHz   Image Size:  518 x 324 mm
[    78.762] (II) NOUVEAU(0): h_active: 1920  h_sync: 1936  h_sync_end 2492 h_blank_end 2640 h_border: 0
[    78.762] (II) NOUVEAU(0): v_active: 1080  v_sync: 1084  v_sync_end 1089 v_blanking: 1125 v_border: 0
[    78.762] (II) NOUVEAU(0): Supported detailed timing:
[    78.762] (II) NOUVEAU(0): clock: 148.5 MHz   Image Size:  598 x 336 mm
[    78.762] (II) NOUVEAU(0): h_active: 1920  h_sync: 2008  h_sync_end 2052 h_blank_end 2200 h_border: 0
[    78.762] (II) NOUVEAU(0): v_active: 1080  v_sync: 1084  v_sync_end 1089 v_blanking: 1125 v_border: 0
[    78.762] (II) NOUVEAU(0): Number of EDID sections to follow: 1
[    78.762] (II) NOUVEAU(0): EDID (in hex):
[    78.762] (II) NOUVEAU(0): 	00ffffffffffff001e6df57601010101
[    78.762] (II) NOUVEAU(0): 	0118010380462778eaf353a554519326
[    78.762] (II) NOUVEAU(0): 	124849230800010181c0810081809500
[    78.762] (II) NOUVEAU(0): 	9040a9c0b300023a801871382d40582c
[    78.762] (II) NOUVEAU(0): 	4500ba882100001a21399030621a2740
[    78.762] (II) NOUVEAU(0): 	68b03600ba882100001c000000fd0038
[    78.762] (II) NOUVEAU(0): 	3d1e530f000a202020202020000000fc
[    78.762] (II) NOUVEAU(0): 	003332696e6368204c472046484401e4
[    78.762] (II) NOUVEAU(0): 	02031df149900503021d001011132309
[    78.762] (II) NOUVEAU(0): 	07078301000066030c00100080011d00
[    78.762] (II) NOUVEAU(0): 	7351d01e203888150056502100001e01
[    78.762] (II) NOUVEAU(0): 	1d8018711c1620582c25005650210000
[    78.762] (II) NOUVEAU(0): 	9e011d80d0721c1620102c2580c48e21
[    78.762] (II) NOUVEAU(0): 	00009e023a80d072382d40102c452006
[    78.762] (II) NOUVEAU(0): 	442100001e023a801871382d40582c45
[    78.762] (II) NOUVEAU(0): 	0056502100001e00000000000000003c
[    78.762] (II) NOUVEAU(0): Printing probed modes for output HDMI-2
[    78.762] (II) NOUVEAU(0): Modeline "1920x1080"x60.0  148.50  1920 2008 2052 2200  1080 1084 1089 1125 +hsync -vsync (67.5 kHz eP)
[    78.762] (II) NOUVEAU(0): Modeline "1920x1080"x60.0  148.50  1920 2008 2052 2200  1080 1084 1089 1125 +hsync +vsync (67.5 kHz e)
[    78.762] (II) NOUVEAU(0): Modeline "1920x1080"x50.0  148.50  1920 1936 2492 2640  1080 1084 1089 1125 +hsync +vsync (56.2 kHz e)
[    78.762] (II) NOUVEAU(0): Modeline "1920x1080"x59.9  148.35  1920 2008 2052 2200  1080 1084 1089 1125 +hsync +vsync (67.4 kHz e)
[    78.762] (II) NOUVEAU(0): Modeline "1920x1080i"x60.0   74.25  1920 2008 2052 2200  1080 1084 1094 1125 interlace +hsync +vsync (33.8 kHz e)
[    78.762] (II) NOUVEAU(0): Modeline "1920x1080i"x50.0   74.25  1920 2448 2492 2640  1080 1084 1094 1125 interlace +hsync +vsync (28.1 kHz e)
[    78.762] (II) NOUVEAU(0): Modeline "1920x1080i"x59.9   74.18  1920 2008 2052 2200  1080 1084 1094 1125 interlace +hsync +vsync (33.7 kHz e)
[    78.762] (II) NOUVEAU(0): Modeline "1680x1050"x60.0  146.25  1680 1784 1960 2240  1050 1053 1059 1089 -hsync +vsync (65.3 kHz e)
[    78.762] (II) NOUVEAU(0): Modeline "1400x1050"x59.9  101.00  1400 1448 1480 1560  1050 1053 1057 1080 +hsync -vsync (64.7 kHz e)
[    78.762] (II) NOUVEAU(0): Modeline "1600x900"x60.0  108.00  1600 1624 1704 1800  900 901 904 1000 +hsync +vsync (60.0 kHz e)
[    78.762] (II) NOUVEAU(0): Modeline "1280x1024"x60.0  108.00  1280 1328 1440 1688  1024 1025 1028 1066 +hsync +vsync (64.0 kHz e)
[    78.762] (II) NOUVEAU(0): Modeline "1440x900"x59.9   88.75  1440 1488 1520 1600  900 903 909 926 +hsync -vsync (55.5 kHz e)
[    78.762] (II) NOUVEAU(0): Modeline "1280x800"x59.9   71.00  1280 1328 1360 1440  800 803 809 823 +hsync -vsync (49.3 kHz e)
[    78.762] (II) NOUVEAU(0): Modeline "1280x720"x60.0   74.25  1280 1336 1472 1651  720 721 726 750 +hsync +vsync (45.0 kHz e)
[    78.762] (II) NOUVEAU(0): Modeline "1280x720"x50.0   74.25  1280 1720 1760 1980  720 725 730 750 +hsync +vsync (37.5 kHz e)
[    78.762] (II) NOUVEAU(0): Modeline "1440x576"x50.0   54.00  1440 1464 1592 1728  576 581 586 625 -hsync -vsync (31.2 kHz e)
[    78.762] (II) NOUVEAU(0): Modeline "1024x768"x60.0   65.00  1024 1048 1184 1344  768 771 777 806 -hsync -vsync (48.4 kHz e)
[    78.762] (II) NOUVEAU(0): Modeline "800x600"x60.3   40.00  800 840 968 1056  600 601 605 628 +hsync +vsync (37.9 kHz e)
[    78.762] (II) NOUVEAU(0): Modeline "800x600"x56.2   36.00  800 824 896 1024  600 601 603 625 +hsync +vsync (35.2 kHz e)
[    78.762] (II) NOUVEAU(0): Modeline "720x576"x50.0   27.00  720 732 796 864  576 581 586 625 -hsync -vsync (31.2 kHz e)
[    78.762] (II) NOUVEAU(0): Modeline "720x480"x60.0   27.03  720 736 798 858  480 489 495 525 -hsync -vsync (31.5 kHz e)
[    78.762] (II) NOUVEAU(0): Modeline "720x480"x59.9   27.00  720 736 798 858  480 489 495 525 -hsync -vsync (31.5 kHz e)
[    78.762] (II) NOUVEAU(0): Modeline "640x480"x60.0   25.20  640 656 752 800  480 490 492 525 -hsync -vsync (31.5 kHz e)
[    78.762] (II) NOUVEAU(0): Modeline "640x480"x59.9   25.18  640 656 752 800  480 490 492 525 -hsync -vsync (31.5 kHz e)
[    78.814] (II) NOUVEAU(0): EDID for output DP-4
[    78.814] (II) NOUVEAU(0): Output DVI-D-1 connected
[    78.814] (II) NOUVEAU(0): Output DP-2 disconnected
[    78.814] (II) NOUVEAU(0): Output DP-3 disconnected
[    78.814] (II) NOUVEAU(0): Output HDMI-2 connected
[    78.814] (II) NOUVEAU(0): Output DP-4 disconnected
[    78.814] (II) NOUVEAU(0): Using spanning desktop for initial modes
[    78.814] (II) NOUVEAU(0): Output DVI-D-1 using initial mode 1920x1080 +0+0
[    78.814] (II) NOUVEAU(0): Output HDMI-2 using initial mode 1920x1080 +1920+0
[    78.814] (==) NOUVEAU(0): Using gamma correction (1.0, 1.0, 1.0)
[    78.815] (II) NOUVEAU(0): Virtual size is 3840x1080 (pitch 0)
[    78.815] (**) NOUVEAU(0):  Driver mode "1920x1080": 148.5 MHz (scaled from 0.0 MHz), 67.5 kHz, 60.0 Hz
[    78.815] (II) NOUVEAU(0): Modeline "1920x1080"x60.0  148.50  1920 2008 2052 2200  1080 1084 1089 1125 +hsync -vsync (67.5 kHz eP)
[    78.815] (**) NOUVEAU(0):  Driver mode "1920x1080": 148.5 MHz (scaled from 0.0 MHz), 67.5 kHz, 60.0 Hz
[    78.815] (II) NOUVEAU(0): Modeline "1920x1080"x60.0  148.50  1920 2008 2052 2200  1080 1084 1089 1125 +hsync +vsync (67.5 kHz e)
[    78.815] (**) NOUVEAU(0):  Driver mode "1920x1080": 148.5 MHz (scaled from 0.0 MHz), 56.2 kHz, 50.0 Hz
[    78.815] (II) NOUVEAU(0): Modeline "1920x1080"x50.0  148.50  1920 1936 2492 2640  1080 1084 1089 1125 +hsync +vsync (56.2 kHz e)
[    78.815] (**) NOUVEAU(0):  Driver mode "1920x1080": 148.4 MHz (scaled from 0.0 MHz), 67.4 kHz, 59.9 Hz
[    78.815] (II) NOUVEAU(0): Modeline "1920x1080"x59.9  148.35  1920 2008 2052 2200  1080 1084 1089 1125 +hsync +vsync (67.4 kHz e)
[    78.815] (**) NOUVEAU(0):  Driver mode "1920x1080i": 74.2 MHz (scaled from 0.0 MHz), 33.8 kHz, 60.0 Hz (I)
[    78.815] (II) NOUVEAU(0): Modeline "1920x1080i"x60.0   74.25  1920 2008 2052 2200  1080 1084 1094 1125 interlace +hsync +vsync (33.8 kHz e)
[    78.815] (**) NOUVEAU(0):  Driver mode "1920x1080i": 74.2 MHz (scaled from 0.0 MHz), 28.1 kHz, 50.0 Hz (I)
[    78.815] (II) NOUVEAU(0): Modeline "1920x1080i"x50.0   74.25  1920 2448 2492 2640  1080 1084 1094 1125 interlace +hsync +vsync (28.1 kHz e)
[    78.815] (**) NOUVEAU(0):  Driver mode "1920x1080i": 74.2 MHz (scaled from 0.0 MHz), 33.7 kHz, 59.9 Hz (I)
[    78.815] (II) NOUVEAU(0): Modeline "1920x1080i"x59.9   74.18  1920 2008 2052 2200  1080 1084 1094 1125 interlace +hsync +vsync (33.7 kHz e)
[    78.815] (**) NOUVEAU(0):  Driver mode "1680x1050": 146.2 MHz (scaled from 0.0 MHz), 65.3 kHz, 60.0 Hz
[    78.815] (II) NOUVEAU(0): Modeline "1680x1050"x60.0  146.25  1680 1784 1960 2240  1050 1053 1059 1089 -hsync +vsync (65.3 kHz e)
[    78.815] (**) NOUVEAU(0):  Driver mode "1400x1050": 101.0 MHz (scaled from 0.0 MHz), 64.7 kHz, 59.9 Hz
[    78.815] (II) NOUVEAU(0): Modeline "1400x1050"x59.9  101.00  1400 1448 1480 1560  1050 1053 1057 1080 +hsync -vsync (64.7 kHz e)
[    78.815] (**) NOUVEAU(0):  Driver mode "1600x900": 108.0 MHz (scaled from 0.0 MHz), 60.0 kHz, 60.0 Hz
[    78.815] (II) NOUVEAU(0): Modeline "1600x900"x60.0  108.00  1600 1624 1704 1800  900 901 904 1000 +hsync +vsync (60.0 kHz e)
[    78.815] (**) NOUVEAU(0):  Driver mode "1280x1024": 108.0 MHz (scaled from 0.0 MHz), 64.0 kHz, 60.0 Hz
[    78.815] (II) NOUVEAU(0): Modeline "1280x1024"x60.0  108.00  1280 1328 1440 1688  1024 1025 1028 1066 +hsync +vsync (64.0 kHz e)
[    78.815] (**) NOUVEAU(0):  Driver mode "1440x900": 88.8 MHz (scaled from 0.0 MHz), 55.5 kHz, 59.9 Hz
[    78.815] (II) NOUVEAU(0): Modeline "1440x900"x59.9   88.75  1440 1488 1520 1600  900 903 909 926 +hsync -vsync (55.5 kHz e)
[    78.815] (**) NOUVEAU(0):  Driver mode "1280x800": 71.0 MHz (scaled from 0.0 MHz), 49.3 kHz, 59.9 Hz
[    78.815] (II) NOUVEAU(0): Modeline "1280x800"x59.9   71.00  1280 1328 1360 1440  800 803 809 823 +hsync -vsync (49.3 kHz e)
[    78.815] (**) NOUVEAU(0):  Driver mode "1280x720": 74.2 MHz (scaled from 0.0 MHz), 45.0 kHz, 60.0 Hz
[    78.815] (II) NOUVEAU(0): Modeline "1280x720"x60.0   74.25  1280 1336 1472 1651  720 721 726 750 +hsync +vsync (45.0 kHz e)
[    78.815] (**) NOUVEAU(0):  Driver mode "1280x720": 74.2 MHz (scaled from 0.0 MHz), 37.5 kHz, 50.0 Hz
[    78.815] (II) NOUVEAU(0): Modeline "1280x720"x50.0   74.25  1280 1720 1760 1980  720 725 730 750 +hsync +vsync (37.5 kHz e)
[    78.815] (**) NOUVEAU(0):  Driver mode "1440x576": 54.0 MHz (scaled from 0.0 MHz), 31.2 kHz, 50.0 Hz
[    78.815] (II) NOUVEAU(0): Modeline "1440x576"x50.0   54.00  1440 1464 1592 1728  576 581 586 625 -hsync -vsync (31.2 kHz e)
[    78.815] (**) NOUVEAU(0):  Driver mode "1024x768": 65.0 MHz (scaled from 0.0 MHz), 48.4 kHz, 60.0 Hz
[    78.815] (II) NOUVEAU(0): Modeline "1024x768"x60.0   65.00  1024 1048 1184 1344  768 771 777 806 -hsync -vsync (48.4 kHz e)
[    78.815] (**) NOUVEAU(0):  Driver mode "800x600": 40.0 MHz (scaled from 0.0 MHz), 37.9 kHz, 60.3 Hz
[    78.815] (II) NOUVEAU(0): Modeline "800x600"x60.3   40.00  800 840 968 1056  600 601 605 628 +hsync +vsync (37.9 kHz e)
[    78.815] (**) NOUVEAU(0):  Driver mode "800x600": 36.0 MHz (scaled from 0.0 MHz), 35.2 kHz, 56.2 Hz
[    78.815] (II) NOUVEAU(0): Modeline "800x600"x56.2   36.00  800 824 896 1024  600 601 603 625 +hsync +vsync (35.2 kHz e)
[    78.815] (**) NOUVEAU(0):  Driver mode "720x576": 27.0 MHz (scaled from 0.0 MHz), 31.2 kHz, 50.0 Hz
[    78.815] (II) NOUVEAU(0): Modeline "720x576"x50.0   27.00  720 732 796 864  576 581 586 625 -hsync -vsync (31.2 kHz e)
[    78.815] (**) NOUVEAU(0):  Driver mode "720x480": 27.0 MHz (scaled from 0.0 MHz), 31.5 kHz, 60.0 Hz
[    78.815] (II) NOUVEAU(0): Modeline "720x480"x60.0   27.03  720 736 798 858  480 489 495 525 -hsync -vsync (31.5 kHz e)
[    78.815] (**) NOUVEAU(0):  Driver mode "720x480": 27.0 MHz (scaled from 0.0 MHz), 31.5 kHz, 59.9 Hz
[    78.815] (II) NOUVEAU(0): Modeline "720x480"x59.9   27.00  720 736 798 858  480 489 495 525 -hsync -vsync (31.5 kHz e)
[    78.815] (**) NOUVEAU(0):  Driver mode "640x480": 25.2 MHz (scaled from 0.0 MHz), 31.5 kHz, 60.0 Hz
[    78.815] (II) NOUVEAU(0): Modeline "640x480"x60.0   25.20  640 656 752 800  480 490 492 525 -hsync -vsync (31.5 kHz e)
[    78.815] (**) NOUVEAU(0):  Driver mode "640x480": 25.2 MHz (scaled from 0.0 MHz), 31.5 kHz, 59.9 Hz
[    78.815] (II) NOUVEAU(0): Modeline "640x480"x59.9   25.18  640 656 752 800  480 490 492 525 -hsync -vsync (31.5 kHz e)
[    78.815] (==) NOUVEAU(0): DPI set to (96, 96)
[    78.815] (II) Loading sub module "fb"
[    78.815] (II) LoadModule: "fb"
[    78.815] (II) Loading /usr/lib/xorg/modules/libfb.so
[    78.816] (II) Module fb: vendor="X.Org Foundation"
[    78.816] 	compiled for 1.20.8, module version = 1.0.0
[    78.816] 	ABI class: X.Org ANSI C Emulation, version 0.4
[    78.816] (II) Loading sub module "shadowfb"
[    78.816] (II) LoadModule: "shadowfb"
[    78.816] (II) Loading /usr/lib/xorg/modules/libshadowfb.so
[    78.824] (II) Module shadowfb: vendor="X.Org Foundation"
[    78.824] 	compiled for 1.20.8, module version = 1.0.0
[    78.824] 	ABI class: X.Org ANSI C Emulation, version 0.4
[    78.824] (==) modeset(G0): Depth 24, (==) framebuffer bpp 32
[    78.824] (==) modeset(G0): RGB weight 888
[    78.824] (==) modeset(G0): Default visual is TrueColor
[    78.824] (II) Loading sub module "glamoregl"
[    78.824] (II) LoadModule: "glamoregl"
[    78.824] (II) Loading /usr/lib/xorg/modules/libglamoregl.so
[    78.865] (II) Module glamoregl: vendor="X.Org Foundation"
[    78.865] 	compiled for 1.20.8, module version = 1.0.1
[    78.865] 	ABI class: X.Org ANSI C Emulation, version 0.4
[    81.124] (II) modeset(G0): glamor X acceleration enabled on Mesa Intel(R) HD Graphics 630 (KBL GT2)
[    81.124] (II) modeset(G0): glamor initialized
[    81.139] (II) modeset(G0): Output HDMI-1-1 has no monitor section
[    81.139] (II) modeset(G0): Output DP-1-1 has no monitor section
[    81.153] (II) modeset(G0): EDID for output HDMI-1-1
[    81.153] (II) modeset(G0): Manufacturer: DEL  Model: a064  Serial#: 811159629
[    81.153] (II) modeset(G0): Year: 2011  Week: 25
[    81.153] (II) modeset(G0): EDID Version: 1.3
[    81.153] (II) modeset(G0): Digital Display Input
[    81.153] (II) modeset(G0): Max Image Size [cm]: horiz.: 48  vert.: 27
[    81.153] (II) modeset(G0): Gamma: 2.20
[    81.153] (II) modeset(G0): DPMS capabilities: StandBy Suspend Off
[    81.153] (II) modeset(G0): Supported color encodings: RGB 4:4:4 YCrCb 4:4:4 
[    81.153] (II) modeset(G0): First detailed timing is preferred mode
[    81.153] (II) modeset(G0): redX: 0.633 redY: 0.340   greenX: 0.320 greenY: 0.622
[    81.153] (II) modeset(G0): blueX: 0.155 blueY: 0.042   whiteX: 0.313 whiteY: 0.329
[    81.153] (II) modeset(G0): Supported established timings:
[    81.153] (II) modeset(G0): 720x400@70Hz
[    81.153] (II) modeset(G0): 640x480@60Hz
[    81.153] (II) modeset(G0): 640x480@75Hz
[    81.153] (II) modeset(G0): 800x600@60Hz
[    81.153] (II) modeset(G0): 800x600@75Hz
[    81.153] (II) modeset(G0): 1024x768@60Hz
[    81.153] (II) modeset(G0): 1024x768@75Hz
[    81.153] (II) modeset(G0): 1280x1024@75Hz
[    81.153] (II) modeset(G0): Manufacturer's mask: 0
[    81.154] (II) modeset(G0): Supported standard timings:
[    81.154] (II) modeset(G0): #0: hsize: 1152  vsize 864  refresh: 75  vid: 20337
[    81.154] (II) modeset(G0): #1: hsize: 1280  vsize 1024  refresh: 60  vid: 32897
[    81.154] (II) modeset(G0): #2: hsize: 1920  vsize 1080  refresh: 60  vid: 49361
[    81.154] (II) modeset(G0): Supported detailed timing:
[    81.154] (II) modeset(G0): clock: 148.5 MHz   Image Size:  477 x 268 mm
[    81.154] (II) modeset(G0): h_active: 1920  h_sync: 2008  h_sync_end 2052 h_blank_end 2200 h_border: 0
[    81.154] (II) modeset(G0): v_active: 1080  v_sync: 1084  v_sync_end 1089 v_blanking: 1125 v_border: 0
[    81.154] (II) modeset(G0): Serial No: WD4D216G0YPM
[    81.154] (II) modeset(G0): Monitor name: DELL ST2220L
[    81.154] (II) modeset(G0): Ranges: V min: 56 V max: 76 Hz, H min: 30 H max: 83 kHz, PixClock max 175 MHz
[    81.154] (II) modeset(G0): EDID (in hex):
[    81.154] (II) modeset(G0): 	00ffffffffffff0010ac64a04d505930
[    81.154] (II) modeset(G0): 	1915010380301b78ea01f5a257529f27
[    81.154] (II) modeset(G0): 	0a5054a54b00714f8180d1c001010101
[    81.154] (II) modeset(G0): 	010101010101023a801871382d40582c
[    81.154] (II) modeset(G0): 	4500dd0c1100001e000000ff00574434
[    81.154] (II) modeset(G0): 	44323136473059504d0a000000fc0044
[    81.154] (II) modeset(G0): 	454c4c205354323232304c0a000000fd
[    81.154] (II) modeset(G0): 	00384c1e5311000a2020202020200006
[    81.154] (II) modeset(G0): Printing probed modes for output HDMI-1-1
[    81.154] (II) modeset(G0): Modeline "1920x1080"x60.0  148.50  1920 2008 2052 2200  1080 1084 1089 1125 +hsync +vsync (67.5 kHz eP)
[    81.154] (II) modeset(G0): Modeline "1280x1024"x75.0  135.00  1280 1296 1440 1688  1024 1025 1028 1066 +hsync +vsync (80.0 kHz e)
[    81.154] (II) modeset(G0): Modeline "1280x1024"x60.0  108.00  1280 1328 1440 1688  1024 1025 1028 1066 +hsync +vsync (64.0 kHz e)
[    81.154] (II) modeset(G0): Modeline "1152x864"x75.0  108.00  1152 1216 1344 1600  864 865 868 900 +hsync +vsync (67.5 kHz e)
[    81.154] (II) modeset(G0): Modeline "1024x768"x75.0   78.75  1024 1040 1136 1312  768 769 772 800 +hsync +vsync (60.0 kHz e)
[    81.154] (II) modeset(G0): Modeline "1024x768"x60.0   65.00  1024 1048 1184 1344  768 771 777 806 -hsync -vsync (48.4 kHz e)
[    81.154] (II) modeset(G0): Modeline "800x600"x75.0   49.50  800 816 896 1056  600 601 604 625 +hsync +vsync (46.9 kHz e)
[    81.154] (II) modeset(G0): Modeline "800x600"x60.3   40.00  800 840 968 1056  600 601 605 628 +hsync +vsync (37.9 kHz e)
[    81.154] (II) modeset(G0): Modeline "640x480"x75.0   31.50  640 656 720 840  480 481 484 500 -hsync -vsync (37.5 kHz e)
[    81.154] (II) modeset(G0): Modeline "640x480"x59.9   25.18  640 656 752 800  480 490 492 525 -hsync -vsync (31.5 kHz e)
[    81.154] (II) modeset(G0): Modeline "720x400"x70.1   28.32  720 738 846 900  400 412 414 449 -hsync +vsync (31.5 kHz e)
[    81.154] (II) modeset(G0): EDID for output DP-1-1
[    81.154] (==) modeset(G0): Using gamma correction (1.0, 1.0, 1.0)
[    81.154] (==) modeset(G0): DPI set to (96, 96)
[    81.154] (II) Loading sub module "fb"
[    81.154] (II) LoadModule: "fb"
[    81.155] (II) Loading /usr/lib/xorg/modules/libfb.so
[    81.155] (II) Module fb: vendor="X.Org Foundation"
[    81.155] 	compiled for 1.20.8, module version = 1.0.0
[    81.155] 	ABI class: X.Org ANSI C Emulation, version 0.4
[    81.164] (II) NOUVEAU(0): Channel setup complete.
[    81.164] (II) NOUVEAU(0): [COPY] async initialised.
[    81.194] (II) NOUVEAU(0): Hardware support for Present enabled
[    81.204] (II) NOUVEAU(0): [DRI2] Setup complete
[    81.204] (II) NOUVEAU(0): [DRI2]   DRI driver: nouveau
[    81.204] (II) NOUVEAU(0): [DRI2]   VDPAU driver: nouveau
[    81.204] (II) Loading sub module "exa"
[    81.204] (II) LoadModule: "exa"
[    81.204] (II) Loading /usr/lib/xorg/modules/libexa.so
[    81.209] (II) Module exa: vendor="X.Org Foundation"
[    81.209] 	compiled for 1.20.8, module version = 2.6.0
[    81.209] 	ABI class: X.Org Video Driver, version 24.1
[    81.209] (II) EXA(0): Driver allocated offscreen pixmaps
[    81.209] (II) EXA(0): Driver registered support for the following operations:
[    81.209] (II)         Solid
[    81.209] (II)         Copy
[    81.209] (II)         Composite (RENDER acceleration)
[    81.209] (II)         UploadToScreen
[    81.209] (II)         DownloadFromScreen
[    81.209] (==) NOUVEAU(0): Backing store enabled
[    81.209] (==) NOUVEAU(0): Silken mouse disabled
[    81.209] (II) NOUVEAU(0): [XvMC] Associated with Nouveau GeForce 8/9 Textured Video.
[    81.209] (II) NOUVEAU(0): [XvMC] Extension initialized.
[    81.209] (==) NOUVEAU(0): DPMS enabled
[    81.421] (==) modeset(G0): Backing store enabled
[    81.421] (==) modeset(G0): Silken mouse disabled
[    81.562] (II) modeset(G0): Initializing kms color map for depth 24, 8 bpc.
[    81.563] (==) modeset(G0): DPMS enabled
[    81.563] (II) modeset(G0): [DRI2] Setup complete
[    81.563] (II) modeset(G0): [DRI2]   DRI driver: iris
[    81.563] (II) modeset(G0): [DRI2]   VDPAU driver: va_gl
[    81.563] (II) Initializing extension Generic Event Extension
[    81.563] (II) Initializing extension SHAPE
[    81.563] (II) Initializing extension MIT-SHM
[    81.563] (II) Initializing extension XInputExtension
[    81.563] (II) Initializing extension XTEST
[    81.563] (II) Initializing extension BIG-REQUESTS
[    81.563] (II) Initializing extension SYNC
[    81.563] (II) Initializing extension XKEYBOARD
[    81.563] (II) Initializing extension XC-MISC
[    81.563] (II) Initializing extension SECURITY
[    81.563] (II) Initializing extension XFIXES
[    81.563] (II) Initializing extension RENDER
[    81.563] (II) Initializing extension RANDR
[    81.563] (II) Initializing extension COMPOSITE
[    81.563] (II) Initializing extension DAMAGE
[    81.563] (II) Initializing extension MIT-SCREEN-SAVER
[    81.563] (II) Initializing extension DOUBLE-BUFFER
[    81.563] (II) Initializing extension RECORD
[    81.563] (II) Initializing extension DPMS
[    81.563] (II) Initializing extension Present
[    81.563] (II) Initializing extension DRI3
[    81.563] (II) Initializing extension X-Resource
[    81.563] (II) Initializing extension XVideo
[    81.563] (II) Initializing extension XVideo-MotionCompensation
[    81.563] (II) Initializing extension GLX
[    81.597] (II) AIGLX: Loaded and initialized nouveau
[    81.597] (II) GLX: Initialized DRI2 GL provider for screen 0
[    81.597] (II) Initializing extension XFree86-VidModeExtension
[    81.597] (II) Initializing extension XFree86-DGA
[    81.597] (II) Initializing extension XFree86-DRI
[    81.597] (II) Initializing extension DRI2
[    81.672] (II) modeset(G0): Damage tracking initialized
[    81.673] (II) NOUVEAU(0): NVEnterVT is called.
[    81.727] (II) NOUVEAU(0): Setting screen physical size to 1016 x 285
[    81.727] resize called 3840 1080
[    82.065] (II) config/udev: Adding input device Power Button (/dev/input/event2)
[    82.065] (**) Power Button: Applying InputClass "libinput keyboard catchall"
[    82.065] (II) LoadModule: "libinput"
[    82.066] (II) Loading /usr/lib/xorg/modules/input/libinput_drv.so
[    82.103] (II) Module libinput: vendor="X.Org Foundation"
[    82.103] 	compiled for 1.20.8, module version = 0.30.0
[    82.103] 	Module class: X.Org XInput Driver
[    82.103] 	ABI class: X.Org XInput driver, version 24.1
[    82.103] (II) Using input driver 'libinput' for 'Power Button'
[    82.105] (II) systemd-logind: got fd for /dev/input/event2 13:66 fd 21 paused 0
[    82.105] (**) Power Button: always reports core events
[    82.105] (**) Option "Device" "/dev/input/event2"
[    82.105] (**) Option "_source" "server/udev"
[    82.147] (II) event2  - Power Button: is tagged by udev as: Keyboard
[    82.147] (II) event2  - Power Button: device is a keyboard
[    82.147] (II) event2  - Power Button: device removed
[    82.147] (**) Option "config_info" "udev:/sys/devices/LNXSYSTM:00/LNXPWRBN:00/input/input2/event2"
[    82.147] (II) XINPUT: Adding extended input device "Power Button" (type: KEYBOARD, id 6)
[    82.150] (II) event2  - Power Button: is tagged by udev as: Keyboard
[    82.150] (II) event2  - Power Button: device is a keyboard
[    82.151] (II) config/udev: Adding input device Video Bus (/dev/input/event3)
[    82.151] (**) Video Bus: Applying InputClass "libinput keyboard catchall"
[    82.151] (II) Using input driver 'libinput' for 'Video Bus'
[    82.153] (II) systemd-logind: got fd for /dev/input/event3 13:67 fd 24 paused 0
[    82.153] (**) Video Bus: always reports core events
[    82.153] (**) Option "Device" "/dev/input/event3"
[    82.153] (**) Option "_source" "server/udev"
[    82.156] (II) event3  - Video Bus: is tagged by udev as: Keyboard
[    82.156] (II) event3  - Video Bus: device is a keyboard
[    82.156] (II) event3  - Video Bus: device removed
[    82.156] (**) Option "config_info" "udev:/sys/devices/LNXSYSTM:00/LNXSYBUS:00/PNP0A08:00/LNXVIDEO:00/input/input3/event3"
[    82.156] (II) XINPUT: Adding extended input device "Video Bus" (type: KEYBOARD, id 7)
[    82.159] (II) event3  - Video Bus: is tagged by udev as: Keyboard
[    82.159] (II) event3  - Video Bus: device is a keyboard
[    82.161] (II) config/udev: Adding input device Power Button (/dev/input/event1)
[    82.161] (**) Power Button: Applying InputClass "libinput keyboard catchall"
[    82.161] (II) Using input driver 'libinput' for 'Power Button'
[    82.162] (II) systemd-logind: got fd for /dev/input/event1 13:65 fd 25 paused 0
[    82.163] (**) Power Button: always reports core events
[    82.163] (**) Option "Device" "/dev/input/event1"
[    82.163] (**) Option "_source" "server/udev"
[    82.165] (II) event1  - Power Button: is tagged by udev as: Keyboard
[    82.165] (II) event1  - Power Button: device is a keyboard
[    82.165] (II) event1  - Power Button: device removed
[    82.166] (**) Option "config_info" "udev:/sys/devices/LNXSYSTM:00/LNXSYBUS:00/PNP0C0C:00/input/input1/event1"
[    82.166] (II) XINPUT: Adding extended input device "Power Button" (type: KEYBOARD, id 8)
[    82.168] (II) event1  - Power Button: is tagged by udev as: Keyboard
[    82.168] (II) event1  - Power Button: device is a keyboard
[    82.170] (II) config/udev: Adding input device Sleep Button (/dev/input/event0)
[    82.170] (**) Sleep Button: Applying InputClass "libinput keyboard catchall"
[    82.170] (II) Using input driver 'libinput' for 'Sleep Button'
[    82.172] (II) systemd-logind: got fd for /dev/input/event0 13:64 fd 26 paused 0
[    82.172] (**) Sleep Button: always reports core events
[    82.172] (**) Option "Device" "/dev/input/event0"
[    82.172] (**) Option "_source" "server/udev"
[    82.174] (II) event0  - Sleep Button: is tagged by udev as: Keyboard
[    82.174] (II) event0  - Sleep Button: device is a keyboard
[    82.175] (II) event0  - Sleep Button: device removed
[    82.175] (**) Option "config_info" "udev:/sys/devices/LNXSYSTM:00/LNXSYBUS:00/PNP0C0E:00/input/input0/event0"
[    82.175] (II) XINPUT: Adding extended input device "Sleep Button" (type: KEYBOARD, id 9)
[    82.177] (II) event0  - Sleep Button: is tagged by udev as: Keyboard
[    82.177] (II) event0  - Sleep Button: device is a keyboard
[    82.179] (II) config/udev: Adding input device HDA NVidia HDMI/DP,pcm=8 (/dev/input/event10)
[    82.179] (II) No input driver specified, ignoring this device.
[    82.179] (II) This device may have been added with another device file.
[    82.179] (II) config/udev: Adding input device HDA NVidia HDMI/DP,pcm=9 (/dev/input/event11)
[    82.179] (II) No input driver specified, ignoring this device.
[    82.179] (II) This device may have been added with another device file.
[    82.180] (II) config/udev: Adding input device HDA NVidia HDMI/DP,pcm=10 (/dev/input/event12)
[    82.180] (II) No input driver specified, ignoring this device.
[    82.180] (II) This device may have been added with another device file.
[    82.181] (II) config/udev: Adding input device HDA NVidia HDMI/DP,pcm=11 (/dev/input/event13)
[    82.181] (II) No input driver specified, ignoring this device.
[    82.181] (II) This device may have been added with another device file.
[    82.181] (II) config/udev: Adding input device HDA NVidia HDMI/DP,pcm=12 (/dev/input/event14)
[    82.181] (II) No input driver specified, ignoring this device.
[    82.181] (II) This device may have been added with another device file.
[    82.182] (II) config/udev: Adding input device HDA NVidia HDMI/DP,pcm=3 (/dev/input/event8)
[    82.182] (II) No input driver specified, ignoring this device.
[    82.182] (II) This device may have been added with another device file.
[    82.182] (II) config/udev: Adding input device HDA NVidia HDMI/DP,pcm=7 (/dev/input/event9)
[    82.182] (II) No input driver specified, ignoring this device.
[    82.182] (II) This device may have been added with another device file.
[    82.183] (II) config/udev: Adding input device PIXART USB OPTICAL MOUSE (/dev/input/event4)
[    82.183] (**) PIXART USB OPTICAL MOUSE: Applying InputClass "libinput pointer catchall"
[    82.184] (II) Using input driver 'libinput' for 'PIXART USB OPTICAL MOUSE'
[    82.185] (II) systemd-logind: got fd for /dev/input/event4 13:68 fd 27 paused 0
[    82.185] (**) PIXART USB OPTICAL MOUSE: always reports core events
[    82.185] (**) Option "Device" "/dev/input/event4"
[    82.185] (**) Option "_source" "server/udev"
[    82.187] (II) event4  - PIXART USB OPTICAL MOUSE: is tagged by udev as: Mouse
[    82.187] (II) event4  - PIXART USB OPTICAL MOUSE: device set to 1000 DPI
[    82.187] (II) event4  - PIXART USB OPTICAL MOUSE: device is a pointer
[    82.187] (II) event4  - PIXART USB OPTICAL MOUSE: device removed
[    82.187] (**) Option "config_info" "udev:/sys/devices/pci0000:00/0000:00:14.0/usb1/1-7/1-7:1.0/0003:093A:2510.0001/input/input4/event4"
[    82.187] (II) XINPUT: Adding extended input device "PIXART USB OPTICAL MOUSE" (type: MOUSE, id 10)
[    82.187] (**) Option "AccelerationScheme" "none"
[    82.187] (**) PIXART USB OPTICAL MOUSE: (accel) selected scheme none/0
[    82.187] (**) PIXART USB OPTICAL MOUSE: (accel) acceleration factor: 2.000
[    82.187] (**) PIXART USB OPTICAL MOUSE: (accel) acceleration threshold: 4
[    82.189] (II) event4  - PIXART USB OPTICAL MOUSE: is tagged by udev as: Mouse
[    82.189] (II) event4  - PIXART USB OPTICAL MOUSE: device set to 1000 DPI
[    82.189] (II) event4  - PIXART USB OPTICAL MOUSE: device is a pointer
[    82.190] (II) config/udev: Adding input device PIXART USB OPTICAL MOUSE (/dev/input/mouse0)
[    82.190] (II) No input driver specified, ignoring this device.
[    82.190] (II) This device may have been added with another device file.
[    82.190] (II) config/udev: Adding input device HID 0566:3032 (/dev/input/event5)
[    82.190] (**) HID 0566:3032: Applying InputClass "libinput keyboard catchall"
[    82.190] (II) Using input driver 'libinput' for 'HID 0566:3032'
[    82.191] (II) systemd-logind: got fd for /dev/input/event5 13:69 fd 28 paused 0
[    82.191] (**) HID 0566:3032: always reports core events
[    82.191] (**) Option "Device" "/dev/input/event5"
[    82.191] (**) Option "_source" "server/udev"
[    82.193] (II) event5  - HID 0566:3032: is tagged by udev as: Keyboard
[    82.193] (II) event5  - HID 0566:3032: device is a keyboard
[    82.193] (II) event5  - HID 0566:3032: device removed
[    82.193] (**) Option "config_info" "udev:/sys/devices/pci0000:00/0000:00:14.0/usb1/1-8/1-8:1.0/0003:0566:3032.0002/input/input5/event5"
[    82.193] (II) XINPUT: Adding extended input device "HID 0566:3032" (type: KEYBOARD, id 11)
[    82.194] (II) event5  - HID 0566:3032: is tagged by udev as: Keyboard
[    82.194] (II) event5  - HID 0566:3032: device is a keyboard
[    82.195] (II) config/udev: Adding input device HID 0566:3032 Consumer Control (/dev/input/event6)
[    82.195] (**) HID 0566:3032 Consumer Control: Applying InputClass "libinput keyboard catchall"
[    82.195] (II) Using input driver 'libinput' for 'HID 0566:3032 Consumer Control'
[    82.196] (II) systemd-logind: got fd for /dev/input/event6 13:70 fd 29 paused 0
[    82.196] (**) HID 0566:3032 Consumer Control: always reports core events
[    82.196] (**) Option "Device" "/dev/input/event6"
[    82.196] (**) Option "_source" "server/udev"
[    82.197] (II) event6  - HID 0566:3032 Consumer Control: is tagged by udev as: Keyboard
[    82.197] (II) event6  - HID 0566:3032 Consumer Control: device is a keyboard
[    82.197] (II) event6  - HID 0566:3032 Consumer Control: device removed
[    82.198] (II) libinput: HID 0566:3032 Consumer Control: needs a virtual subdevice
[    82.198] (**) Option "config_info" "udev:/sys/devices/pci0000:00/0000:00:14.0/usb1/1-8/1-8:1.1/0003:0566:3032.0003/input/input6/event6"
[    82.198] (II) XINPUT: Adding extended input device "HID 0566:3032 Consumer Control" (type: MOUSE, id 12)
[    82.198] (**) Option "AccelerationScheme" "none"
[    82.198] (**) HID 0566:3032 Consumer Control: (accel) selected scheme none/0
[    82.198] (**) HID 0566:3032 Consumer Control: (accel) acceleration factor: 2.000
[    82.198] (**) HID 0566:3032 Consumer Control: (accel) acceleration threshold: 4
[    82.199] (II) event6  - HID 0566:3032 Consumer Control: is tagged by udev as: Keyboard
[    82.199] (II) event6  - HID 0566:3032 Consumer Control: device is a keyboard
[    82.199] (II) config/udev: Adding input device HID 0566:3032 System Control (/dev/input/event7)
[    82.199] (**) HID 0566:3032 System Control: Applying InputClass "libinput keyboard catchall"
[    82.199] (II) Using input driver 'libinput' for 'HID 0566:3032 System Control'
[    82.200] (II) systemd-logind: got fd for /dev/input/event7 13:71 fd 30 paused 0
[    82.200] (**) HID 0566:3032 System Control: always reports core events
[    82.200] (**) Option "Device" "/dev/input/event7"
[    82.200] (**) Option "_source" "server/udev"
[    82.201] (II) event7  - HID 0566:3032 System Control: is tagged by udev as: Keyboard
[    82.201] (II) event7  - HID 0566:3032 System Control: device is a keyboard
[    82.201] (II) event7  - HID 0566:3032 System Control: device removed
[    82.201] (**) Option "config_info" "udev:/sys/devices/pci0000:00/0000:00:14.0/usb1/1-8/1-8:1.1/0003:0566:3032.0003/input/input7/event7"
[    82.201] (II) XINPUT: Adding extended input device "HID 0566:3032 System Control" (type: KEYBOARD, id 13)
[    82.202] (II) event7  - HID 0566:3032 System Control: is tagged by udev as: Keyboard
[    82.203] (II) event7  - HID 0566:3032 System Control: device is a keyboard
[    82.203] (II) config/udev: Adding input device HDA Intel PCH Front Mic (/dev/input/event16)
[    82.203] (II) No input driver specified, ignoring this device.
[    82.203] (II) This device may have been added with another device file.
[    82.203] (II) config/udev: Adding input device HDA Intel PCH Rear Mic (/dev/input/event17)
[    82.203] (II) No input driver specified, ignoring this device.
[    82.203] (II) This device may have been added with another device file.
[    82.203] (II) config/udev: Adding input device HDA Intel PCH Line (/dev/input/event18)
[    82.203] (II) No input driver specified, ignoring this device.
[    82.203] (II) This device may have been added with another device file.
[    82.204] (II) config/udev: Adding input device HDA Intel PCH Line Out (/dev/input/event19)
[    82.204] (II) No input driver specified, ignoring this device.
[    82.204] (II) This device may have been added with another device file.
[    82.204] (II) config/udev: Adding input device HDA Intel PCH Front Headphone (/dev/input/event20)
[    82.204] (II) No input driver specified, ignoring this device.
[    82.204] (II) This device may have been added with another device file.
[    82.204] (II) config/udev: Adding input device HDA Intel PCH HDMI/DP,pcm=3 (/dev/input/event21)
[    82.204] (II) No input driver specified, ignoring this device.
[    82.204] (II) This device may have been added with another device file.
[    82.204] (II) config/udev: Adding input device HDA Intel PCH HDMI/DP,pcm=7 (/dev/input/event22)
[    82.204] (II) No input driver specified, ignoring this device.
[    82.204] (II) This device may have been added with another device file.
[    82.204] (II) config/udev: Adding input device HDA Intel PCH HDMI/DP,pcm=8 (/dev/input/event23)
[    82.204] (II) No input driver specified, ignoring this device.
[    82.204] (II) This device may have been added with another device file.
[    82.205] (II) config/udev: Adding input device Eee PC WMI hotkeys (/dev/input/event15)
[    82.205] (**) Eee PC WMI hotkeys: Applying InputClass "libinput keyboard catchall"
[    82.205] (II) Using input driver 'libinput' for 'Eee PC WMI hotkeys'
[    82.205] (II) systemd-logind: got fd for /dev/input/event15 13:79 fd 31 paused 0
[    82.205] (**) Eee PC WMI hotkeys: always reports core events
[    82.205] (**) Option "Device" "/dev/input/event15"
[    82.205] (**) Option "_source" "server/udev"
[    82.206] (II) event15 - Eee PC WMI hotkeys: is tagged by udev as: Keyboard
[    82.206] (II) event15 - Eee PC WMI hotkeys: device is a keyboard
[    82.206] (II) event15 - Eee PC WMI hotkeys: device removed
[    82.206] (**) Option "config_info" "udev:/sys/devices/platform/eeepc-wmi/input/input15/event15"
[    82.206] (II) XINPUT: Adding extended input device "Eee PC WMI hotkeys" (type: KEYBOARD, id 14)
[    82.207] (II) event15 - Eee PC WMI hotkeys: is tagged by udev as: Keyboard
[    82.207] (II) event15 - Eee PC WMI hotkeys: device is a keyboard
[    82.209] (**) HID 0566:3032 Consumer Control: Applying InputClass "libinput keyboard catchall"
[    82.209] (II) Using input driver 'libinput' for 'HID 0566:3032 Consumer Control'
[    82.209] (II) systemd-logind: returning pre-existing fd for /dev/input/event6 13:70
[    82.209] (**) HID 0566:3032 Consumer Control: always reports core events
[    82.209] (**) Option "Device" "/dev/input/event6"
[    82.209] (**) Option "_source" "_driver/libinput"
[    82.209] (II) libinput: HID 0566:3032 Consumer Control: is a virtual subdevice
[    82.209] (**) Option "config_info" "udev:/sys/devices/pci0000:00/0000:00:14.0/usb1/1-8/1-8:1.1/0003:0566:3032.0003/input/input6/event6"
[    82.209] (II) XINPUT: Adding extended input device "HID 0566:3032 Consumer Control" (type: KEYBOARD, id 15)
[    82.879] (--) NOUVEAU(0): HDMI max TMDS frequency 225000KHz
[    83.052] (II) NOUVEAU(0): EDID vendor "GSM", prod id 30453
[    83.052] (II) NOUVEAU(0): Using EDID range info for horizontal sync
[    83.052] (II) NOUVEAU(0): Using EDID range info for vertical refresh
[    83.052] (II) NOUVEAU(0): Printing DDC gathered Modelines:
[    83.052] (II) NOUVEAU(0): Modeline "1920x1080"x0.0  148.50  1920 2008 2052 2200  1080 1084 1089 1125 +hsync -vsync (67.5 kHz eP)
[    83.052] (II) NOUVEAU(0): Modeline "1680x1050"x0.0  146.25  1680 1784 1960 2240  1050 1053 1059 1089 -hsync +vsync (65.3 kHz e)
[    83.052] (II) NOUVEAU(0): Modeline "1280x720"x0.0   74.25  1280 1336 1472 1651  720 721 726 750 +hsync +vsync (45.0 kHz e)
[    83.052] (II) NOUVEAU(0): Modeline "1920x1080i"x0.0   74.25  1920 2008 2052 2200  1080 1084 1094 1125 interlace +hsync +vsync (33.8 kHz e)
[    83.052] (II) NOUVEAU(0): Modeline "1920x1080i"x0.0   74.25  1920 2448 2492 2640  1080 1084 1094 1125 interlace +hsync +vsync (28.1 kHz e)
[    83.052] (II) NOUVEAU(0): Modeline "1920x1080"x0.0  148.50  1920 1936 2492 2640  1080 1084 1089 1125 +hsync +vsync (56.2 kHz e)
[    83.052] (II) NOUVEAU(0): Modeline "1920x1080"x0.0  148.50  1920 2008 2052 2200  1080 1084 1089 1125 +hsync +vsync (67.5 kHz e)
[    83.052] (II) NOUVEAU(0): Modeline "720x480"x0.0   27.00  720 736 798 858  480 489 495 525 -hsync -vsync (31.5 kHz e)
[    83.052] (II) NOUVEAU(0): Modeline "1440x576"x0.0   54.00  1440 1464 1592 1728  576 581 586 625 -hsync -vsync (31.2 kHz e)
[    83.052] (II) NOUVEAU(0): Modeline "720x576"x0.0   27.00  720 732 796 864  576 581 586 625 -hsync -vsync (31.2 kHz e)
[    83.052] (II) NOUVEAU(0): Modeline "1280x720"x0.0   74.25  1280 1720 1760 1980  720 725 730 750 +hsync +vsync (37.5 kHz e)
[    83.052] (II) NOUVEAU(0): Modeline "800x600"x0.0   40.00  800 840 968 1056  600 601 605 628 +hsync +vsync (37.9 kHz e)
[    83.052] (II) NOUVEAU(0): Modeline "800x600"x0.0   36.00  800 824 896 1024  600 601 603 625 +hsync +vsync (35.2 kHz e)
[    83.052] (II) NOUVEAU(0): Modeline "640x480"x0.0   25.18  640 656 752 800  480 490 492 525 -hsync -vsync (31.5 kHz e)
[    83.052] (II) NOUVEAU(0): Modeline "1024x768"x0.0   65.00  1024 1048 1184 1344  768 771 777 806 -hsync -vsync (48.4 kHz e)
[    83.052] (II) NOUVEAU(0): Modeline "1280x800"x0.0   71.00  1280 1328 1360 1440  800 803 809 823 +hsync -vsync (49.3 kHz e)
[    83.052] (II) NOUVEAU(0): Modeline "1280x1024"x0.0  108.00  1280 1328 1440 1688  1024 1025 1028 1066 +hsync +vsync (64.0 kHz e)
[    83.052] (II) NOUVEAU(0): Modeline "1440x900"x0.0   88.75  1440 1488 1520 1600  900 903 909 926 +hsync -vsync (55.5 kHz e)
[    83.052] (II) NOUVEAU(0): Modeline "1400x1050"x0.0  101.00  1400 1448 1480 1560  1050 1053 1057 1080 +hsync -vsync (64.7 kHz e)
[    83.052] (II) NOUVEAU(0): Modeline "1600x900"x60.0  119.00  1600 1696 1864 2128  900 901 904 932 -hsync +vsync (55.9 kHz e)
[    83.172] (--) NOUVEAU(0): HDMI max TMDS frequency 225000KHz
[    83.345] (II) NOUVEAU(0): EDID vendor "GSM", prod id 30453
[    83.345] (II) NOUVEAU(0): Using hsync ranges from config file
[    83.345] (II) NOUVEAU(0): Using vrefresh ranges from config file
[    83.345] (II) NOUVEAU(0): Printing DDC gathered Modelines:
[    83.345] (II) NOUVEAU(0): Modeline "1920x1080"x0.0  148.50  1920 2008 2052 2200  1080 1084 1089 1125 +hsync -vsync (67.5 kHz eP)
[    83.345] (II) NOUVEAU(0): Modeline "1680x1050"x0.0  146.25  1680 1784 1960 2240  1050 1053 1059 1089 -hsync +vsync (65.3 kHz e)
[    83.345] (II) NOUVEAU(0): Modeline "1280x720"x0.0   74.25  1280 1336 1472 1651  720 721 726 750 +hsync +vsync (45.0 kHz e)
[    83.345] (II) NOUVEAU(0): Modeline "1920x1080i"x0.0   74.25  1920 2008 2052 2200  1080 1084 1094 1125 interlace +hsync +vsync (33.8 kHz e)
[    83.345] (II) NOUVEAU(0): Modeline "1920x1080i"x0.0   74.25  1920 2448 2492 2640  1080 1084 1094 1125 interlace +hsync +vsync (28.1 kHz e)
[    83.346] (II) NOUVEAU(0): Modeline "1920x1080"x0.0  148.50  1920 1936 2492 2640  1080 1084 1089 1125 +hsync +vsync (56.2 kHz e)
[    83.346] (II) NOUVEAU(0): Modeline "1920x1080"x0.0  148.50  1920 2008 2052 2200  1080 1084 1089 1125 +hsync +vsync (67.5 kHz e)
[    83.346] (II) NOUVEAU(0): Modeline "720x480"x0.0   27.00  720 736 798 858  480 489 495 525 -hsync -vsync (31.5 kHz e)
[    83.346] (II) NOUVEAU(0): Modeline "1440x576"x0.0   54.00  1440 1464 1592 1728  576 581 586 625 -hsync -vsync (31.2 kHz e)
[    83.346] (II) NOUVEAU(0): Modeline "720x576"x0.0   27.00  720 732 796 864  576 581 586 625 -hsync -vsync (31.2 kHz e)
[    83.346] (II) NOUVEAU(0): Modeline "1280x720"x0.0   74.25  1280 1720 1760 1980  720 725 730 750 +hsync +vsync (37.5 kHz e)
[    83.346] (II) NOUVEAU(0): Modeline "800x600"x0.0   40.00  800 840 968 1056  600 601 605 628 +hsync +vsync (37.9 kHz e)
[    83.346] (II) NOUVEAU(0): Modeline "800x600"x0.0   36.00  800 824 896 1024  600 601 603 625 +hsync +vsync (35.2 kHz e)
[    83.346] (II) NOUVEAU(0): Modeline "640x480"x0.0   25.18  640 656 752 800  480 490 492 525 -hsync -vsync (31.5 kHz e)
[    83.346] (II) NOUVEAU(0): Modeline "1024x768"x0.0   65.00  1024 1048 1184 1344  768 771 777 806 -hsync -vsync (48.4 kHz e)
[    83.346] (II) NOUVEAU(0): Modeline "1280x800"x0.0   71.00  1280 1328 1360 1440  800 803 809 823 +hsync -vsync (49.3 kHz e)
[    83.346] (II) NOUVEAU(0): Modeline "1280x1024"x0.0  108.00  1280 1328 1440 1688  1024 1025 1028 1066 +hsync +vsync (64.0 kHz e)
[    83.346] (II) NOUVEAU(0): Modeline "1440x900"x0.0   88.75  1440 1488 1520 1600  900 903 909 926 +hsync -vsync (55.5 kHz e)
[    83.346] (II) NOUVEAU(0): Modeline "1400x1050"x0.0  101.00  1400 1448 1480 1560  1050 1053 1057 1080 +hsync -vsync (64.7 kHz e)
[    83.346] (II) NOUVEAU(0): Modeline "1600x900"x60.0  119.00  1600 1696 1864 2128  900 901 904 932 -hsync +vsync (55.9 kHz e)
[   115.362] -2
[   170.016] -2
[   204.880] -2
[   298.958] -2
[   751.379] -2
[  1045.201] -2
[  1303.834] -2
[  1313.144] -2
[  1331.336] -2
[  1522.530] -2
[  2027.685] -2
[  2090.198] -2
[  2200.548] -2
[  2338.219] -2
[  2480.364] -2
[  2484.572] -2
