2020/08/02 14:21:38.113 21313 140369242001792 G   Logger started.
2020/08/02 14:21:38.121 21313 140369242001792 G   Found 0 stack dump files ...
2020/08/02 14:21:38.122 21313 140369242001792 G   Found 0 core dump files ...
2020/08/02 14:21:38.124 21313 140369242001792 G   systemd: logind service available
2020/08/02 14:21:38.129 21313 140369242001792 G   systemd: New seat seat0 [path=/org/freedesktop/login1/seat/seat0, activeSession='1', canGraphical=1, canTTY=1, canMultiSession=1]
2020/08/02 14:21:38.131 21313 140369242001792 G   LogindSessionInfo: New session LogindSessionInfo [id=1 user=cong state=user active=1 reliable=1 infoId=2212294583] [path=/org/freedesktop/login1/session/_31 TTY=tty1 seat=seat0 display= vtnr=1 owner=[SysUser: cong [uid=1000, gid=1000 home=/home/cong gecos=Cong D. Dang shell=/bin/zsh]] idle=0(1596345324971467) active=1 type=tty class=user state=active timestamp=1596345316558838 service=login defaultCG= leader=374 audit=1 remote=0 rHost= rUser= killProc=0]
2020/08/02 14:21:38.133 21313 140369242001792 G   SysSessionInfoManager: observing sessions from logind is marked as reliable
2020/08/02 14:21:38.133 21313 140369242001792 G   SysSessionInfoManager: Session Information provided by VT [priority: 2]
2020/08/02 14:21:38.133 21313 140369242001792 G!  FrameBuffer: Cannot access /dev/fb0, frame buffer support unavailable
2020/08/02 14:21:38.137 21313 140369242001792 G!! SysSessionInfoManager::GetOwnProcessSession: No session found!
2020/08/02 14:21:38.137 21313 140369242001792 G   Running on Qt 5.15.0
2020/08/02 14:21:38.350 21313 140369242001792 G   Initialised XRandR extension 1.6 (base=89 error=147)
2020/08/02 14:21:38.953 21313 140369242001792 G   MonitorInfo: [XRandR 1.2] CRTC HDMI-2 1920x1080@60Hz [0, 0, 1920, 1080] - 1
2020/08/02 14:21:38.953 21313 140369242001792 G   MonitorInfo: [XRandR 1.2] CRTC DVI-D-1 1920x1080@60Hz [1920, 0, 3840, 1080] - 1
2020/08/02 14:21:38.953 21313 140369242001792 G   MonitorInfo: [XRandR 1.2] CRTC 2 has no outputs
2020/08/02 14:21:38.954 21313 140369242001792 G   MonitorInfo: [XRandR 1.2] CRTC 3 has no outputs
2020/08/02 14:21:38.954 21313 140369242001792 G   MonitorInfo: [XRandR 1.2] CRTC 4 has no outputs
2020/08/02 14:21:38.954 21313 140369242001792 G   MonitorInfo: [XRandR 1.2] CRTC 5 has no outputs
2020/08/02 14:21:38.954 21313 140369242001792 G   MonitorInfo: [XRandR 1.2] CRTC 6 has no outputs
2020/08/02 14:21:38.954 21313 140369242001792 G   Virtual Desktop [0, 0, 3840, 1080]
2020/08/02 14:21:39.556 21313 140369242001792 G   MonitorInfo: [XRandR 1.2] CRTC HDMI-2 1920x1080@60Hz [0, 0, 1920, 1080] - 1
2020/08/02 14:21:39.556 21313 140369242001792 G   MonitorInfo: [XRandR 1.2] CRTC DVI-D-1 1920x1080@60Hz [1920, 0, 3840, 1080] - 1
2020/08/02 14:21:39.556 21313 140369242001792 G   MonitorInfo: [XRandR 1.2] CRTC 2 has no outputs
2020/08/02 14:21:39.556 21313 140369242001792 G   MonitorInfo: [XRandR 1.2] CRTC 3 has no outputs
2020/08/02 14:21:39.556 21313 140369242001792 G   MonitorInfo: [XRandR 1.2] CRTC 4 has no outputs
2020/08/02 14:21:39.556 21313 140369242001792 G   MonitorInfo: [XRandR 1.2] CRTC 5 has no outputs
2020/08/02 14:21:39.556 21313 140369242001792 G   MonitorInfo: [XRandR 1.2] CRTC 6 has no outputs
2020/08/02 14:21:39.556 21313 140369242001792 G   Virtual Desktop [0, 0, 3840, 1080]
2020/08/02 14:21:39.556 21313 140369242001792 G!! MonitorInfo: WorkingArea: Property error 14 (0)
2020/08/02 14:21:39.559 21313 140369242001792 G!! SysSessionInfoManager::GetOwnProcessSession: No session found!
2020/08/02 14:21:39.563 21313 140369242001792 G!! ResourceLoader: loaded file '/opt/teamviewer/tv_bin/resources/TVResource_en.so' version () is not matching with application version (15.8.3)
2020/08/02 14:21:39.563 21313 140369242001792 G   Loaded language 'en', using locale 'en'
2020/08/02 14:21:39.563 21313 140369242001792 G   InterProcessBase::SecureNetwork created
2020/08/02 14:21:39.564 21313 140369242001792 G!! SysSessionInfoManager::GetOwnProcessSession: No session found!, Errorcode=11
2020/08/02 14:21:39.565 21313 140369242001792 G!! SysSessionInfoManager::GetOwnProcessSession: No session found!, Errorcode=11
2020/08/02 14:21:39.566 21313 140369242001792 G!! SysSessionInfoManager::GetOwnProcessSession: No session found!, Errorcode=11
2020/08/02 14:21:39.567 21313 140369242001792 G!! SysSessionInfoManager::GetOwnProcessSession: No session found!, Errorcode=11
2020/08/02 14:21:39.568 21313 140369242001792 G!! SysSessionInfoManager::GetOwnProcessSession: No session found!, Errorcode=11
2020/08/02 14:21:39.568 21313 140369242001792 G!! SysSessionInfoManager::GetOwnProcessSession: No session found!, Errorcode=11
2020/08/02 14:21:39.569 21313 140369242001792 G   AutoLogin::Login: enabled: 1
2020/08/02 14:21:39.569 21313 140369242001792 G   AccountLoginStateMachine::Reset
2020/08/02 14:21:39.570 21313 140369242001792 G!! SysSessionInfoManager::GetOwnProcessSession: No session found!, Errorcode=11
2020/08/02 14:21:39.570 21313 140369242001792 G!! ApplicationLookOfflineState::ApplicationAppearanceOfflineState: state not loaded, Errorcode=11
2020/08/02 14:21:39.570 21313 140369242001792 G!! SysSessionInfoManager::GetOwnProcessSession: No session found!, Errorcode=11
2020/08/02 14:21:39.570 21313 140369242001792 G!!!Own session could not be resolved, unable to startup, Errorcode=11
2020/08/02 14:21:39.571 21313 140369242001792 G!! SysSessionInfoManager::GetOwnProcessSession: No session found!, Errorcode=11
2020/08/02 14:21:39.571 21313 140369242001792 G   Chat::Stop: Stopping chat
2020/08/02 14:21:39.572 21313 140369242001792 G!! SysSessionInfoManager::GetOwnProcessSession: No session found!, Errorcode=11
2020/08/02 14:21:39.573 21313 140369242001792 G!! SysSessionInfoManager::GetOwnProcessSession: No session found!, Errorcode=11
2020/08/02 14:21:39.573 21313 140369242001792 G!! SysSessionInfoManager::GetOwnProcessSession: No session found!, Errorcode=11
2020/08/02 14:21:39.574 21313 140369242001792 G!! SysSessionInfoManager::GetOwnProcessSession: No session found!, Errorcode=11
2020/08/02 14:21:39.574 21313 140369242001792 G!! SysSessionInfoManager::GetOwnProcessSession: No session found!, Errorcode=11
2020/08/02 14:21:39.574 21313 140369242001792 G   InterProcessBase::ShutdownIPC: Shutdown IPC
2020/08/02 14:21:39.575 21313 140369242001792 G!! ConfigurationHub::HandleRegistrationResponse(): registering for feature 9 failed with error 2, Errorcode=11
2020/08/02 14:21:39.575 21313 140369242001792 G!! ConfigurationHub::HandleRegistrationResponse(): registering for feature 5 failed with error 2, Errorcode=11
2020/08/02 14:21:39.575 21313 140369242001792 G!! ConfigurationHub::HandleRegistrationResponse(): registering for feature 6 failed with error 2, Errorcode=11
2020/08/02 14:21:39.575 21313 140369242001792 G!! ConfigurationHub::HandleRegistrationResponse(): registering for feature 14 failed with error 2, Errorcode=11
2020/08/02 14:21:39.575 21313 140369242001792 G!! ConfigurationHub::HandleRegistrationResponse(): registering for feature 10 failed with error 2, Errorcode=11
2020/08/02 14:21:39.575 21313 140369242001792 G   interprocessbase::SecureNetwork destroyed
2020/08/02 14:21:39.576 21313 140369242001792 G   Shutting down DBus IOHandler
2020/08/02 14:22:03.845 22345 140505218408832 G   Logger started.
2020/08/02 14:22:03.847 22345 140505218408832 G   Found 0 stack dump files ...
2020/08/02 14:22:03.847 22345 140505218408832 G   Found 0 core dump files ...
2020/08/02 14:22:03.848 22345 140505218408832 G   systemd: logind service available
2020/08/02 14:22:03.849 22345 140505218408832 G   systemd: New seat seat0 [path=/org/freedesktop/login1/seat/seat0, activeSession='1', canGraphical=1, canTTY=1, canMultiSession=1]
2020/08/02 14:22:03.849 22345 140505218408832 G   LogindSessionInfo: New session LogindSessionInfo [id=1 user=cong state=user active=1 reliable=1 infoId=2212294583] [path=/org/freedesktop/login1/session/_31 TTY=tty1 seat=seat0 display= vtnr=1 owner=[SysUser: cong [uid=1000, gid=1000 home=/home/cong gecos=Cong D. Dang shell=/bin/zsh]] idle=0(1596345324971467) active=1 type=tty class=user state=active timestamp=1596345316558838 service=login defaultCG= leader=374 audit=1 remote=0 rHost= rUser= killProc=0]
2020/08/02 14:22:03.850 22345 140505218408832 G   SysSessionInfoManager: observing sessions from logind is marked as reliable
2020/08/02 14:22:03.850 22345 140505218408832 G   SysSessionInfoManager: Session Information provided by VT [priority: 2]
2020/08/02 14:22:03.850 22345 140505218408832 G!  FrameBuffer: Cannot access /dev/fb0, frame buffer support unavailable
2020/08/02 14:22:03.851 22345 140505218408832 G!! SysSessionInfoManager::GetOwnProcessSession: No session found!
2020/08/02 14:22:03.851 22345 140505218408832 G   Running on Qt 5.15.0
2020/08/02 14:22:04.000 22345 140505218408832 G   Initialised XRandR extension 1.6 (base=89 error=147)
2020/08/02 14:22:04.604 22345 140505218408832 G   MonitorInfo: [XRandR 1.2] CRTC HDMI-2 1920x1080@60Hz [0, 0, 1920, 1080] - 1
2020/08/02 14:22:04.605 22345 140505218408832 G   MonitorInfo: [XRandR 1.2] CRTC DVI-D-1 1920x1080@60Hz [1920, 0, 3840, 1080] - 1
2020/08/02 14:22:04.605 22345 140505218408832 G   MonitorInfo: [XRandR 1.2] CRTC 2 has no outputs
2020/08/02 14:22:04.605 22345 140505218408832 G   MonitorInfo: [XRandR 1.2] CRTC 3 has no outputs
2020/08/02 14:22:04.605 22345 140505218408832 G   MonitorInfo: [XRandR 1.2] CRTC 4 has no outputs
2020/08/02 14:22:04.605 22345 140505218408832 G   MonitorInfo: [XRandR 1.2] CRTC 5 has no outputs
2020/08/02 14:22:04.605 22345 140505218408832 G   MonitorInfo: [XRandR 1.2] CRTC 6 has no outputs
2020/08/02 14:22:04.605 22345 140505218408832 G   Virtual Desktop [0, 0, 3840, 1080]
2020/08/02 14:22:05.208 22345 140505218408832 G   MonitorInfo: [XRandR 1.2] CRTC HDMI-2 1920x1080@60Hz [0, 0, 1920, 1080] - 1
2020/08/02 14:22:05.208 22345 140505218408832 G   MonitorInfo: [XRandR 1.2] CRTC DVI-D-1 1920x1080@60Hz [1920, 0, 3840, 1080] - 1
2020/08/02 14:22:05.208 22345 140505218408832 G   MonitorInfo: [XRandR 1.2] CRTC 2 has no outputs
2020/08/02 14:22:05.208 22345 140505218408832 G   MonitorInfo: [XRandR 1.2] CRTC 3 has no outputs
2020/08/02 14:22:05.209 22345 140505218408832 G   MonitorInfo: [XRandR 1.2] CRTC 4 has no outputs
2020/08/02 14:22:05.209 22345 140505218408832 G   MonitorInfo: [XRandR 1.2] CRTC 5 has no outputs
2020/08/02 14:22:05.209 22345 140505218408832 G   MonitorInfo: [XRandR 1.2] CRTC 6 has no outputs
2020/08/02 14:22:05.209 22345 140505218408832 G   Virtual Desktop [0, 0, 3840, 1080]
2020/08/02 14:22:05.209 22345 140505218408832 G!! MonitorInfo: WorkingArea: Property error 14 (0)
2020/08/02 14:22:05.212 22345 140505218408832 G!! SysSessionInfoManager::GetOwnProcessSession: No session found!
2020/08/02 14:22:05.213 22345 140505218408832 G!! StorageTextfileBackend::Open: Unable to open configuration file '/home/cong/.config/teamviewer/client.conf' (RO)
2020/08/02 14:22:05.215 22345 140505218408832 G!! ResourceLoader: loaded file '/opt/teamviewer/tv_bin/resources/TVResource_en.so' version () is not matching with application version (15.8.3)
2020/08/02 14:22:05.215 22345 140505218408832 G   Loaded language 'en', using locale 'en'
2020/08/02 14:22:05.215 22345 140505218408832 G   InterProcessBase::SecureNetwork created
2020/08/02 14:22:05.216 22345 140505218408832 G!! SysSessionInfoManager::GetOwnProcessSession: No session found!, Errorcode=11
2020/08/02 14:22:05.217 22345 140505218408832 G!! SysSessionInfoManager::GetOwnProcessSession: No session found!, Errorcode=11
2020/08/02 14:22:05.218 22345 140505218408832 G!! SysSessionInfoManager::GetOwnProcessSession: No session found!, Errorcode=11
2020/08/02 14:22:05.218 22345 140505218408832 G!! SysSessionInfoManager::GetOwnProcessSession: No session found!, Errorcode=11
2020/08/02 14:22:05.219 22345 140505218408832 G!! SysSessionInfoManager::GetOwnProcessSession: No session found!, Errorcode=11
2020/08/02 14:22:05.220 22345 140505218408832 G!! SysSessionInfoManager::GetOwnProcessSession: No session found!, Errorcode=11
2020/08/02 14:22:05.220 22345 140505218408832 G   AutoLogin::Login: enabled: 1
2020/08/02 14:22:05.220 22345 140505218408832 G   AccountLoginStateMachine::Reset
2020/08/02 14:22:05.220 22345 140505218408832 G!! SysSessionInfoManager::GetOwnProcessSession: No session found!, Errorcode=11
2020/08/02 14:22:05.221 22345 140505218408832 G!! ApplicationLookOfflineState::ApplicationAppearanceOfflineState: state not loaded, Errorcode=11
2020/08/02 14:22:05.221 22345 140505218408832 G!! SysSessionInfoManager::GetOwnProcessSession: No session found!, Errorcode=11
2020/08/02 14:22:05.221 22345 140505218408832 G!!!Own session could not be resolved, unable to startup, Errorcode=11
2020/08/02 14:22:05.222 22345 140505218408832 G!! SysSessionInfoManager::GetOwnProcessSession: No session found!, Errorcode=11
2020/08/02 14:22:05.222 22345 140505218408832 G   Chat::Stop: Stopping chat
2020/08/02 14:22:05.223 22345 140505218408832 G!! SysSessionInfoManager::GetOwnProcessSession: No session found!, Errorcode=11
2020/08/02 14:22:05.223 22345 140505218408832 G!! SysSessionInfoManager::GetOwnProcessSession: No session found!, Errorcode=11
2020/08/02 14:22:05.224 22345 140505218408832 G!! SysSessionInfoManager::GetOwnProcessSession: No session found!, Errorcode=11
2020/08/02 14:22:05.225 22345 140505218408832 G!! SysSessionInfoManager::GetOwnProcessSession: No session found!, Errorcode=11
2020/08/02 14:22:05.225 22345 140505218408832 G!! SysSessionInfoManager::GetOwnProcessSession: No session found!, Errorcode=11
2020/08/02 14:22:05.226 22345 140505218408832 G   InterProcessBase::ShutdownIPC: Shutdown IPC
2020/08/02 14:22:05.226 22345 140505218408832 G!! ConfigurationHub::HandleRegistrationResponse(): registering for feature 9 failed with error 2, Errorcode=11
2020/08/02 14:22:05.226 22345 140505218408832 G!! ConfigurationHub::HandleRegistrationResponse(): registering for feature 5 failed with error 2, Errorcode=11
2020/08/02 14:22:05.226 22345 140505218408832 G!! ConfigurationHub::HandleRegistrationResponse(): registering for feature 6 failed with error 2, Errorcode=11
2020/08/02 14:22:05.226 22345 140505218408832 G!! ConfigurationHub::HandleRegistrationResponse(): registering for feature 14 failed with error 2, Errorcode=11
2020/08/02 14:22:05.226 22345 140505218408832 G!! ConfigurationHub::HandleRegistrationResponse(): registering for feature 10 failed with error 2, Errorcode=11
2020/08/02 14:22:05.226 22345 140505218408832 G   interprocessbase::SecureNetwork destroyed
2020/08/02 14:22:05.228 22345 140505218408832 G   Shutting down DBus IOHandler
2020/08/02 14:25:15.968 29622 139978863575424 G   Logger started.
2020/08/02 14:25:15.970 29622 139978863575424 G   Found 0 stack dump files ...
2020/08/02 14:25:15.970 29622 139978863575424 G   Found 0 core dump files ...
2020/08/02 14:25:15.971 29622 139978863575424 G   systemd: logind service available
2020/08/02 14:25:15.972 29622 139978863575424 G   systemd: New seat seat0 [path=/org/freedesktop/login1/seat/seat0, activeSession='1', canGraphical=1, canTTY=1, canMultiSession=1]
2020/08/02 14:25:15.972 29622 139978863575424 G   LogindSessionInfo: New session LogindSessionInfo [id=1 user=cong state=user active=1 reliable=1 infoId=2212294583] [path=/org/freedesktop/login1/session/_31 TTY=tty1 seat=seat0 display= vtnr=1 owner=[SysUser: cong [uid=1000, gid=1000 home=/home/cong gecos=Cong D. Dang shell=/bin/zsh]] idle=0(1596345324971467) active=1 type=tty class=user state=active timestamp=1596345316558838 service=login defaultCG= leader=374 audit=1 remote=0 rHost= rUser= killProc=0]
2020/08/02 14:25:15.973 29622 139978863575424 G   SysSessionInfoManager: observing sessions from logind is marked as reliable
2020/08/02 14:25:15.973 29622 139978863575424 G   SysSessionInfoManager: Session Information provided by VT [priority: 2]
2020/08/02 14:25:15.973 29622 139978863575424 G!  FrameBuffer: Cannot access /dev/fb0, frame buffer support unavailable
2020/08/02 14:25:15.974 29622 139978863575424 G!! SysSessionInfoManager::GetOwnProcessSession: No session found!
2020/08/02 14:25:15.974 29622 139978863575424 G   Running on Qt 5.15.0
2020/08/02 14:25:16.122 29622 139978863575424 G   Initialised XRandR extension 1.6 (base=89 error=147)
2020/08/02 14:25:16.724 29622 139978863575424 G   MonitorInfo: [XRandR 1.2] CRTC HDMI-2 1920x1080@60Hz [0, 0, 1920, 1080] - 1
2020/08/02 14:25:16.724 29622 139978863575424 G   MonitorInfo: [XRandR 1.2] CRTC DVI-D-1 1920x1080@60Hz [1920, 0, 3840, 1080] - 1
2020/08/02 14:25:16.724 29622 139978863575424 G   MonitorInfo: [XRandR 1.2] CRTC 2 has no outputs
2020/08/02 14:25:16.724 29622 139978863575424 G   MonitorInfo: [XRandR 1.2] CRTC 3 has no outputs
2020/08/02 14:25:16.724 29622 139978863575424 G   MonitorInfo: [XRandR 1.2] CRTC 4 has no outputs
2020/08/02 14:25:16.724 29622 139978863575424 G   MonitorInfo: [XRandR 1.2] CRTC 5 has no outputs
2020/08/02 14:25:16.724 29622 139978863575424 G   MonitorInfo: [XRandR 1.2] CRTC 6 has no outputs
2020/08/02 14:25:16.724 29622 139978863575424 G   Virtual Desktop [0, 0, 3840, 1080]
2020/08/02 14:25:17.327 29622 139978863575424 G   MonitorInfo: [XRandR 1.2] CRTC HDMI-2 1920x1080@60Hz [0, 0, 1920, 1080] - 1
2020/08/02 14:25:17.327 29622 139978863575424 G   MonitorInfo: [XRandR 1.2] CRTC DVI-D-1 1920x1080@60Hz [1920, 0, 3840, 1080] - 1
2020/08/02 14:25:17.327 29622 139978863575424 G   MonitorInfo: [XRandR 1.2] CRTC 2 has no outputs
2020/08/02 14:25:17.327 29622 139978863575424 G   MonitorInfo: [XRandR 1.2] CRTC 3 has no outputs
2020/08/02 14:25:17.327 29622 139978863575424 G   MonitorInfo: [XRandR 1.2] CRTC 4 has no outputs
2020/08/02 14:25:17.327 29622 139978863575424 G   MonitorInfo: [XRandR 1.2] CRTC 5 has no outputs
2020/08/02 14:25:17.327 29622 139978863575424 G   MonitorInfo: [XRandR 1.2] CRTC 6 has no outputs
2020/08/02 14:25:17.327 29622 139978863575424 G   Virtual Desktop [0, 0, 3840, 1080]
2020/08/02 14:25:17.327 29622 139978863575424 G!! MonitorInfo: WorkingArea: Property error 14 (0)
2020/08/02 14:25:17.330 29622 139978863575424 G!! SysSessionInfoManager::GetOwnProcessSession: No session found!
2020/08/02 14:25:17.331 29622 139978863575424 G!! StorageTextfileBackend::Open: Unable to open configuration file '/home/cong/.config/teamviewer/client.conf' (RO)
2020/08/02 14:25:17.333 29622 139978863575424 G!! ResourceLoader: loaded file '/opt/teamviewer/tv_bin/resources/TVResource_en.so' version () is not matching with application version (15.8.3)
2020/08/02 14:25:17.333 29622 139978863575424 G   Loaded language 'en', using locale 'en'
2020/08/02 14:25:17.333 29622 139978863575424 G   InterProcessBase::SecureNetwork created
2020/08/02 14:25:17.334 29622 139978863575424 G!! SysSessionInfoManager::GetOwnProcessSession: No session found!, Errorcode=11
2020/08/02 14:25:17.335 29622 139978863575424 G!! SysSessionInfoManager::GetOwnProcessSession: No session found!, Errorcode=11
2020/08/02 14:25:17.336 29622 139978863575424 G!! SysSessionInfoManager::GetOwnProcessSession: No session found!, Errorcode=11
2020/08/02 14:25:17.337 29622 139978863575424 G!! SysSessionInfoManager::GetOwnProcessSession: No session found!, Errorcode=11
2020/08/02 14:25:17.337 29622 139978863575424 G!! SysSessionInfoManager::GetOwnProcessSession: No session found!, Errorcode=11
2020/08/02 14:25:17.338 29622 139978863575424 G!! SysSessionInfoManager::GetOwnProcessSession: No session found!, Errorcode=11
2020/08/02 14:25:17.338 29622 139978863575424 G   AutoLogin::Login: enabled: 1
2020/08/02 14:25:17.338 29622 139978863575424 G   AccountLoginStateMachine::Reset
2020/08/02 14:25:17.339 29622 139978863575424 G!! SysSessionInfoManager::GetOwnProcessSession: No session found!, Errorcode=11
2020/08/02 14:25:17.340 29622 139978863575424 G!! ApplicationLookOfflineState::ApplicationAppearanceOfflineState: state not loaded, Errorcode=11
2020/08/02 14:25:17.340 29622 139978863575424 G!! SysSessionInfoManager::GetOwnProcessSession: No session found!, Errorcode=11
2020/08/02 14:25:17.340 29622 139978863575424 G!!!Own session could not be resolved, unable to startup, Errorcode=11
2020/08/02 14:25:17.341 29622 139978863575424 G!! SysSessionInfoManager::GetOwnProcessSession: No session found!, Errorcode=11
2020/08/02 14:25:17.341 29622 139978863575424 G   Chat::Stop: Stopping chat
2020/08/02 14:25:17.342 29622 139978863575424 G!! SysSessionInfoManager::GetOwnProcessSession: No session found!, Errorcode=11
2020/08/02 14:25:17.342 29622 139978863575424 G!! SysSessionInfoManager::GetOwnProcessSession: No session found!, Errorcode=11
2020/08/02 14:25:17.343 29622 139978863575424 G!! SysSessionInfoManager::GetOwnProcessSession: No session found!, Errorcode=11
2020/08/02 14:25:17.343 29622 139978863575424 G!! SysSessionInfoManager::GetOwnProcessSession: No session found!, Errorcode=11
2020/08/02 14:25:17.344 29622 139978863575424 G!! SysSessionInfoManager::GetOwnProcessSession: No session found!, Errorcode=11
2020/08/02 14:25:17.344 29622 139978863575424 G   InterProcessBase::ShutdownIPC: Shutdown IPC
2020/08/02 14:25:17.344 29622 139978863575424 G!! ConfigurationHub::HandleRegistrationResponse(): registering for feature 9 failed with error 2, Errorcode=11
2020/08/02 14:25:17.344 29622 139978863575424 G!! ConfigurationHub::HandleRegistrationResponse(): registering for feature 5 failed with error 2, Errorcode=11
2020/08/02 14:25:17.344 29622 139978863575424 G!! ConfigurationHub::HandleRegistrationResponse(): registering for feature 6 failed with error 2, Errorcode=11
2020/08/02 14:25:17.344 29622 139978863575424 G!! ConfigurationHub::HandleRegistrationResponse(): registering for feature 14 failed with error 2, Errorcode=11
2020/08/02 14:25:17.344 29622 139978863575424 G!! ConfigurationHub::HandleRegistrationResponse(): registering for feature 10 failed with error 2, Errorcode=11
2020/08/02 14:25:17.344 29622 139978863575424 G   interprocessbase::SecureNetwork destroyed
2020/08/02 14:25:17.346 29622 139978863575424 G   Shutting down DBus IOHandler
2020/08/02 14:25:33.600 30313 140634503569792 G   Logger started.
2020/08/02 14:25:33.602 30313 140634503569792 G   Found 0 stack dump files ...
2020/08/02 14:25:33.602 30313 140634503569792 G   Found 0 core dump files ...
2020/08/02 14:25:33.603 30313 140634503569792 G   systemd: logind service available
2020/08/02 14:25:33.604 30313 140634503569792 G   systemd: New seat seat0 [path=/org/freedesktop/login1/seat/seat0, activeSession='1', canGraphical=1, canTTY=1, canMultiSession=1]
2020/08/02 14:25:33.605 30313 140634503569792 G   LogindSessionInfo: New session LogindSessionInfo [id=1 user=cong state=user active=1 reliable=1 infoId=2212294583] [path=/org/freedesktop/login1/session/_31 TTY=tty1 seat=seat0 display= vtnr=1 owner=[SysUser: cong [uid=1000, gid=1000 home=/home/cong gecos=Cong D. Dang shell=/bin/zsh]] idle=0(1596345324971467) active=1 type=tty class=user state=active timestamp=1596345316558838 service=login defaultCG= leader=374 audit=1 remote=0 rHost= rUser= killProc=0]
2020/08/02 14:25:33.605 30313 140634503569792 G   SysSessionInfoManager: observing sessions from logind is marked as reliable
2020/08/02 14:25:33.605 30313 140634503569792 G   SysSessionInfoManager: Session Information provided by VT [priority: 2]
2020/08/02 14:25:33.605 30313 140634503569792 G!  FrameBuffer: Cannot access /dev/fb0, frame buffer support unavailable
2020/08/02 14:25:33.606 30313 140634503569792 G!! SysSessionInfoManager::GetOwnProcessSession: No session found!
2020/08/02 14:25:33.606 30313 140634503569792 G   Running on Qt 5.15.0
2020/08/02 14:25:33.754 30313 140634503569792 G   Initialised XRandR extension 1.6 (base=89 error=147)
2020/08/02 14:25:34.356 30313 140634503569792 G   MonitorInfo: [XRandR 1.2] CRTC HDMI-2 1920x1080@60Hz [0, 0, 1920, 1080] - 1
2020/08/02 14:25:34.356 30313 140634503569792 G   MonitorInfo: [XRandR 1.2] CRTC DVI-D-1 1920x1080@60Hz [1920, 0, 3840, 1080] - 1
2020/08/02 14:25:34.356 30313 140634503569792 G   MonitorInfo: [XRandR 1.2] CRTC 2 has no outputs
2020/08/02 14:25:34.356 30313 140634503569792 G   MonitorInfo: [XRandR 1.2] CRTC 3 has no outputs
2020/08/02 14:25:34.356 30313 140634503569792 G   MonitorInfo: [XRandR 1.2] CRTC 4 has no outputs
2020/08/02 14:25:34.356 30313 140634503569792 G   MonitorInfo: [XRandR 1.2] CRTC 5 has no outputs
2020/08/02 14:25:34.357 30313 140634503569792 G   MonitorInfo: [XRandR 1.2] CRTC 6 has no outputs
2020/08/02 14:25:34.357 30313 140634503569792 G   Virtual Desktop [0, 0, 3840, 1080]
2020/08/02 14:25:34.959 30313 140634503569792 G   MonitorInfo: [XRandR 1.2] CRTC HDMI-2 1920x1080@60Hz [0, 0, 1920, 1080] - 1
2020/08/02 14:25:34.959 30313 140634503569792 G   MonitorInfo: [XRandR 1.2] CRTC DVI-D-1 1920x1080@60Hz [1920, 0, 3840, 1080] - 1
2020/08/02 14:25:34.959 30313 140634503569792 G   MonitorInfo: [XRandR 1.2] CRTC 2 has no outputs
2020/08/02 14:25:34.959 30313 140634503569792 G   MonitorInfo: [XRandR 1.2] CRTC 3 has no outputs
2020/08/02 14:25:34.959 30313 140634503569792 G   MonitorInfo: [XRandR 1.2] CRTC 4 has no outputs
2020/08/02 14:25:34.959 30313 140634503569792 G   MonitorInfo: [XRandR 1.2] CRTC 5 has no outputs
2020/08/02 14:25:34.959 30313 140634503569792 G   MonitorInfo: [XRandR 1.2] CRTC 6 has no outputs
2020/08/02 14:25:34.959 30313 140634503569792 G   Virtual Desktop [0, 0, 3840, 1080]
2020/08/02 14:25:34.960 30313 140634503569792 G!! MonitorInfo: WorkingArea: Property error 14 (0)
2020/08/02 14:25:34.962 30313 140634503569792 G!! SysSessionInfoManager::GetOwnProcessSession: No session found!
2020/08/02 14:25:34.963 30313 140634503569792 G!! StorageTextfileBackend::Open: Unable to open configuration file '/home/cong/.config/teamviewer/client.conf' (RO)
2020/08/02 14:25:34.965 30313 140634503569792 G!! ResourceLoader: loaded file '/opt/teamviewer/tv_bin/resources/TVResource_en.so' version () is not matching with application version (15.8.3)
2020/08/02 14:25:34.965 30313 140634503569792 G   Loaded language 'en', using locale 'en'
2020/08/02 14:25:34.965 30313 140634503569792 G   InterProcessBase::SecureNetwork created
2020/08/02 14:25:34.966 30313 140634503569792 G!! SysSessionInfoManager::GetOwnProcessSession: No session found!, Errorcode=11
2020/08/02 14:25:34.967 30313 140634503569792 G!! SysSessionInfoManager::GetOwnProcessSession: No session found!, Errorcode=11
2020/08/02 14:25:34.969 30313 140634503569792 G!! SysSessionInfoManager::GetOwnProcessSession: No session found!, Errorcode=11
2020/08/02 14:25:34.970 30313 140634503569792 G!! SysSessionInfoManager::GetOwnProcessSession: No session found!, Errorcode=11
2020/08/02 14:25:34.970 30313 140634503569792 G!! SysSessionInfoManager::GetOwnProcessSession: No session found!, Errorcode=11
2020/08/02 14:25:34.971 30313 140634503569792 G!! SysSessionInfoManager::GetOwnProcessSession: No session found!, Errorcode=11
2020/08/02 14:25:34.971 30313 140634503569792 G   AutoLogin::Login: enabled: 1
2020/08/02 14:25:34.971 30313 140634503569792 G   AccountLoginStateMachine::Reset
2020/08/02 14:25:34.972 30313 140634503569792 G!! SysSessionInfoManager::GetOwnProcessSession: No session found!, Errorcode=11
2020/08/02 14:25:34.972 30313 140634503569792 G!! ApplicationLookOfflineState::ApplicationAppearanceOfflineState: state not loaded, Errorcode=11
2020/08/02 14:25:34.973 30313 140634503569792 G!! SysSessionInfoManager::GetOwnProcessSession: No session found!, Errorcode=11
2020/08/02 14:25:34.973 30313 140634503569792 G!!!Own session could not be resolved, unable to startup, Errorcode=11
2020/08/02 14:25:34.974 30313 140634503569792 G!! SysSessionInfoManager::GetOwnProcessSession: No session found!, Errorcode=11
2020/08/02 14:25:34.974 30313 140634503569792 G   Chat::Stop: Stopping chat
2020/08/02 14:25:34.974 30313 140634503569792 G!! SysSessionInfoManager::GetOwnProcessSession: No session found!, Errorcode=11
2020/08/02 14:25:34.975 30313 140634503569792 G!! SysSessionInfoManager::GetOwnProcessSession: No session found!, Errorcode=11
2020/08/02 14:25:34.976 30313 140634503569792 G!! SysSessionInfoManager::GetOwnProcessSession: No session found!, Errorcode=11
2020/08/02 14:25:34.976 30313 140634503569792 G!! SysSessionInfoManager::GetOwnProcessSession: No session found!, Errorcode=11
2020/08/02 14:25:34.977 30313 140634503569792 G!! SysSessionInfoManager::GetOwnProcessSession: No session found!, Errorcode=11
2020/08/02 14:25:34.977 30313 140634503569792 G   InterProcessBase::ShutdownIPC: Shutdown IPC
2020/08/02 14:25:34.977 30313 140634503569792 G!! ConfigurationHub::HandleRegistrationResponse(): registering for feature 9 failed with error 2, Errorcode=11
2020/08/02 14:25:34.977 30313 140634503569792 G!! ConfigurationHub::HandleRegistrationResponse(): registering for feature 5 failed with error 2, Errorcode=11
2020/08/02 14:25:34.977 30313 140634503569792 G!! ConfigurationHub::HandleRegistrationResponse(): registering for feature 6 failed with error 2, Errorcode=11
2020/08/02 14:25:34.977 30313 140634503569792 G!! ConfigurationHub::HandleRegistrationResponse(): registering for feature 14 failed with error 2, Errorcode=11
2020/08/02 14:25:34.977 30313 140634503569792 G!! ConfigurationHub::HandleRegistrationResponse(): registering for feature 10 failed with error 2, Errorcode=11
2020/08/02 14:25:34.977 30313 140634503569792 G   interprocessbase::SecureNetwork destroyed
2020/08/02 14:25:34.979 30313 140634503569792 G   Shutting down DBus IOHandler
2020/08/02 14:26:33.853 32605 140137494663552 G   Logger started.
2020/08/02 14:26:33.855 32605 140137494663552 G   Found 0 stack dump files ...
2020/08/02 14:26:33.855 32605 140137494663552 G   Found 0 core dump files ...
2020/08/02 14:26:33.856 32605 140137494663552 G   systemd: logind service available
2020/08/02 14:26:33.857 32605 140137494663552 G   systemd: New seat seat0 [path=/org/freedesktop/login1/seat/seat0, activeSession='1', canGraphical=1, canTTY=1, canMultiSession=1]
2020/08/02 14:26:33.858 32605 140137494663552 G   LogindSessionInfo: New session LogindSessionInfo [id=1 user=cong state=user active=1 reliable=1 infoId=2212294583] [path=/org/freedesktop/login1/session/_31 TTY=tty1 seat=seat0 display= vtnr=1 owner=[SysUser: cong [uid=1000, gid=1000 home=/home/cong gecos=Cong D. Dang shell=/bin/zsh]] idle=0(1596345324971467) active=1 type=tty class=user state=active timestamp=1596345316558838 service=login defaultCG= leader=374 audit=1 remote=0 rHost= rUser= killProc=0]
2020/08/02 14:26:33.858 32605 140137494663552 G   SysSessionInfoManager: observing sessions from logind is marked as reliable
2020/08/02 14:26:33.858 32605 140137494663552 G   SysSessionInfoManager: Session Information provided by VT [priority: 2]
2020/08/02 14:26:33.858 32605 140137494663552 G!  FrameBuffer: Cannot access /dev/fb0, frame buffer support unavailable
2020/08/02 14:26:33.859 32605 140137494663552 G!! SysSessionInfoManager::GetOwnProcessSession: No session found!
2020/08/02 14:26:33.859 32605 140137494663552 G   Running on Qt 5.15.0
2020/08/02 14:26:34.008 32605 140137494663552 G   Initialised XRandR extension 1.6 (base=89 error=147)
2020/08/02 14:26:34.610 32605 140137494663552 G   MonitorInfo: [XRandR 1.2] CRTC HDMI-2 1920x1080@60Hz [0, 0, 1920, 1080] - 1
2020/08/02 14:26:34.610 32605 140137494663552 G   MonitorInfo: [XRandR 1.2] CRTC DVI-D-1 1920x1080@60Hz [1920, 0, 3840, 1080] - 1
2020/08/02 14:26:34.610 32605 140137494663552 G   MonitorInfo: [XRandR 1.2] CRTC 2 has no outputs
2020/08/02 14:26:34.610 32605 140137494663552 G   MonitorInfo: [XRandR 1.2] CRTC 3 has no outputs
2020/08/02 14:26:34.610 32605 140137494663552 G   MonitorInfo: [XRandR 1.2] CRTC 4 has no outputs
2020/08/02 14:26:34.610 32605 140137494663552 G   MonitorInfo: [XRandR 1.2] CRTC 5 has no outputs
2020/08/02 14:26:34.610 32605 140137494663552 G   MonitorInfo: [XRandR 1.2] CRTC 6 has no outputs
2020/08/02 14:26:34.610 32605 140137494663552 G   Virtual Desktop [0, 0, 3840, 1080]
2020/08/02 14:26:35.215 32605 140137494663552 G   MonitorInfo: [XRandR 1.2] CRTC HDMI-2 1920x1080@60Hz [0, 0, 1920, 1080] - 1
2020/08/02 14:26:35.215 32605 140137494663552 G   MonitorInfo: [XRandR 1.2] CRTC DVI-D-1 1920x1080@60Hz [1920, 0, 3840, 1080] - 1
2020/08/02 14:26:35.215 32605 140137494663552 G   MonitorInfo: [XRandR 1.2] CRTC 2 has no outputs
2020/08/02 14:26:35.215 32605 140137494663552 G   MonitorInfo: [XRandR 1.2] CRTC 3 has no outputs
2020/08/02 14:26:35.215 32605 140137494663552 G   MonitorInfo: [XRandR 1.2] CRTC 4 has no outputs
2020/08/02 14:26:35.215 32605 140137494663552 G   MonitorInfo: [XRandR 1.2] CRTC 5 has no outputs
2020/08/02 14:26:35.215 32605 140137494663552 G   MonitorInfo: [XRandR 1.2] CRTC 6 has no outputs
2020/08/02 14:26:35.215 32605 140137494663552 G   Virtual Desktop [0, 0, 3840, 1080]
2020/08/02 14:26:35.215 32605 140137494663552 G!! MonitorInfo: WorkingArea: Property error 14 (0)
2020/08/02 14:26:35.218 32605 140137494663552 G!! SysSessionInfoManager::GetOwnProcessSession: No session found!
2020/08/02 14:26:35.219 32605 140137494663552 G!! StorageTextfileBackend::Open: Unable to open configuration file '/home/cong/.config/teamviewer/client.conf' (RO)
2020/08/02 14:26:35.221 32605 140137494663552 G!! ResourceLoader: loaded file '/opt/teamviewer/tv_bin/resources/TVResource_en.so' version () is not matching with application version (15.8.3)
2020/08/02 14:26:35.221 32605 140137494663552 G   Loaded language 'en', using locale 'en'
2020/08/02 14:26:35.221 32605 140137494663552 G   InterProcessBase::SecureNetwork created
2020/08/02 14:26:35.222 32605 140137494663552 G!! SysSessionInfoManager::GetOwnProcessSession: No session found!, Errorcode=11
2020/08/02 14:26:35.223 32605 140137494663552 G!! SysSessionInfoManager::GetOwnProcessSession: No session found!, Errorcode=11
2020/08/02 14:26:35.224 32605 140137494663552 G!! SysSessionInfoManager::GetOwnProcessSession: No session found!, Errorcode=11
2020/08/02 14:26:35.225 32605 140137494663552 G!! SysSessionInfoManager::GetOwnProcessSession: No session found!, Errorcode=11
2020/08/02 14:26:35.225 32605 140137494663552 G!! SysSessionInfoManager::GetOwnProcessSession: No session found!, Errorcode=11
2020/08/02 14:26:35.226 32605 140137494663552 G!! SysSessionInfoManager::GetOwnProcessSession: No session found!, Errorcode=11
2020/08/02 14:26:35.226 32605 140137494663552 G   AutoLogin::Login: enabled: 1
2020/08/02 14:26:35.226 32605 140137494663552 G   AccountLoginStateMachine::Reset
2020/08/02 14:26:35.227 32605 140137494663552 G!! SysSessionInfoManager::GetOwnProcessSession: No session found!, Errorcode=11
2020/08/02 14:26:35.227 32605 140137494663552 G!! ApplicationLookOfflineState::ApplicationAppearanceOfflineState: state not loaded, Errorcode=11
2020/08/02 14:26:35.228 32605 140137494663552 G!! SysSessionInfoManager::GetOwnProcessSession: No session found!, Errorcode=11
2020/08/02 14:26:35.228 32605 140137494663552 G!!!Own session could not be resolved, unable to startup, Errorcode=11
2020/08/02 14:26:35.229 32605 140137494663552 G!! SysSessionInfoManager::GetOwnProcessSession: No session found!, Errorcode=11
2020/08/02 14:26:35.229 32605 140137494663552 G   Chat::Stop: Stopping chat
2020/08/02 14:26:35.229 32605 140137494663552 G!! SysSessionInfoManager::GetOwnProcessSession: No session found!, Errorcode=11
2020/08/02 14:26:35.230 32605 140137494663552 G!! SysSessionInfoManager::GetOwnProcessSession: No session found!, Errorcode=11
2020/08/02 14:26:35.231 32605 140137494663552 G!! SysSessionInfoManager::GetOwnProcessSession: No session found!, Errorcode=11
2020/08/02 14:26:35.231 32605 140137494663552 G!! SysSessionInfoManager::GetOwnProcessSession: No session found!, Errorcode=11
2020/08/02 14:26:35.232 32605 140137494663552 G!! SysSessionInfoManager::GetOwnProcessSession: No session found!, Errorcode=11
2020/08/02 14:26:35.232 32605 140137494663552 G   InterProcessBase::ShutdownIPC: Shutdown IPC
2020/08/02 14:26:35.232 32605 140137494663552 G!! ConfigurationHub::HandleRegistrationResponse(): registering for feature 9 failed with error 2, Errorcode=11
2020/08/02 14:26:35.232 32605 140137494663552 G!! ConfigurationHub::HandleRegistrationResponse(): registering for feature 5 failed with error 2, Errorcode=11
2020/08/02 14:26:35.232 32605 140137494663552 G!! ConfigurationHub::HandleRegistrationResponse(): registering for feature 6 failed with error 2, Errorcode=11
2020/08/02 14:26:35.232 32605 140137494663552 G!! ConfigurationHub::HandleRegistrationResponse(): registering for feature 14 failed with error 2, Errorcode=11
2020/08/02 14:26:35.232 32605 140137494663552 G!! ConfigurationHub::HandleRegistrationResponse(): registering for feature 10 failed with error 2, Errorcode=11
2020/08/02 14:26:35.232 32605 140137494663552 G   interprocessbase::SecureNetwork destroyed
2020/08/02 14:26:35.234 32605 140137494663552 G   Shutting down DBus IOHandler
2020/08/02 14:27:58.201 35812 140030328648064 G   Logger started.
2020/08/02 14:27:58.203 35812 140030328648064 G   Found 0 stack dump files ...
2020/08/02 14:27:58.203 35812 140030328648064 G   Found 0 core dump files ...
2020/08/02 14:27:58.204 35812 140030328648064 G   systemd: logind service available
2020/08/02 14:27:58.206 35812 140030328648064 G   systemd: New seat seat0 [path=/org/freedesktop/login1/seat/seat0, activeSession='1', canGraphical=1, canTTY=1, canMultiSession=1]
2020/08/02 14:27:58.206 35812 140030328648064 G   LogindSessionInfo: New session LogindSessionInfo [id=1 user=cong state=user active=1 reliable=1 infoId=2212294583] [path=/org/freedesktop/login1/session/_31 TTY=tty1 seat=seat0 display= vtnr=1 owner=[SysUser: cong [uid=1000, gid=1000 home=/home/cong gecos=Cong D. Dang shell=/bin/zsh]] idle=0(1596345324971467) active=1 type=tty class=user state=active timestamp=1596345316558838 service=login defaultCG= leader=374 audit=1 remote=0 rHost= rUser= killProc=0]
2020/08/02 14:27:58.207 35812 140030328648064 G   SysSessionInfoManager: observing sessions from logind is marked as reliable
2020/08/02 14:27:58.207 35812 140030328648064 G   SysSessionInfoManager: Session Information provided by VT [priority: 2]
2020/08/02 14:27:58.207 35812 140030328648064 G!  FrameBuffer: Cannot access /dev/fb0, frame buffer support unavailable
2020/08/02 14:27:58.208 35812 140030328648064 G!! SysSessionInfoManager::GetOwnProcessSession: No session found!
2020/08/02 14:27:58.208 35812 140030328648064 G   Running on Qt 5.15.0
2020/08/02 14:27:58.355 35812 140030328648064 G   Initialised XRandR extension 1.6 (base=89 error=147)
2020/08/02 14:27:58.957 35812 140030328648064 G   MonitorInfo: [XRandR 1.2] CRTC HDMI-2 1920x1080@60Hz [0, 0, 1920, 1080] - 1
2020/08/02 14:27:58.957 35812 140030328648064 G   MonitorInfo: [XRandR 1.2] CRTC DVI-D-1 1920x1080@60Hz [1920, 0, 3840, 1080] - 1
2020/08/02 14:27:58.957 35812 140030328648064 G   MonitorInfo: [XRandR 1.2] CRTC 2 has no outputs
2020/08/02 14:27:58.957 35812 140030328648064 G   MonitorInfo: [XRandR 1.2] CRTC 3 has no outputs
2020/08/02 14:27:58.957 35812 140030328648064 G   MonitorInfo: [XRandR 1.2] CRTC 4 has no outputs
2020/08/02 14:27:58.957 35812 140030328648064 G   MonitorInfo: [XRandR 1.2] CRTC 5 has no outputs
2020/08/02 14:27:58.957 35812 140030328648064 G   MonitorInfo: [XRandR 1.2] CRTC 6 has no outputs
2020/08/02 14:27:58.957 35812 140030328648064 G   Virtual Desktop [0, 0, 3840, 1080]
2020/08/02 14:27:59.559 35812 140030328648064 G   MonitorInfo: [XRandR 1.2] CRTC HDMI-2 1920x1080@60Hz [0, 0, 1920, 1080] - 1
2020/08/02 14:27:59.559 35812 140030328648064 G   MonitorInfo: [XRandR 1.2] CRTC DVI-D-1 1920x1080@60Hz [1920, 0, 3840, 1080] - 1
2020/08/02 14:27:59.559 35812 140030328648064 G   MonitorInfo: [XRandR 1.2] CRTC 2 has no outputs
2020/08/02 14:27:59.559 35812 140030328648064 G   MonitorInfo: [XRandR 1.2] CRTC 3 has no outputs
2020/08/02 14:27:59.559 35812 140030328648064 G   MonitorInfo: [XRandR 1.2] CRTC 4 has no outputs
2020/08/02 14:27:59.559 35812 140030328648064 G   MonitorInfo: [XRandR 1.2] CRTC 5 has no outputs
2020/08/02 14:27:59.560 35812 140030328648064 G   MonitorInfo: [XRandR 1.2] CRTC 6 has no outputs
2020/08/02 14:27:59.560 35812 140030328648064 G   Virtual Desktop [0, 0, 3840, 1080]
2020/08/02 14:27:59.560 35812 140030328648064 G!! MonitorInfo: WorkingArea: Property error 14 (0)
2020/08/02 14:27:59.562 35812 140030328648064 G!! SysSessionInfoManager::GetOwnProcessSession: No session found!
2020/08/02 14:27:59.563 35812 140030328648064 G!! StorageTextfileBackend::Open: Unable to open configuration file '/home/cong/.config/teamviewer/client.conf' (RO)
2020/08/02 14:27:59.565 35812 140030328648064 G!! ResourceLoader: loaded file '/opt/teamviewer/tv_bin/resources/TVResource_en.so' version () is not matching with application version (15.8.3)
2020/08/02 14:27:59.565 35812 140030328648064 G   Loaded language 'en', using locale 'en'
2020/08/02 14:27:59.565 35812 140030328648064 G   InterProcessBase::SecureNetwork created
2020/08/02 14:27:59.566 35812 140030328648064 G!! SysSessionInfoManager::GetOwnProcessSession: No session found!, Errorcode=11
2020/08/02 14:27:59.567 35812 140030328648064 G!! SysSessionInfoManager::GetOwnProcessSession: No session found!, Errorcode=11
2020/08/02 14:27:59.568 35812 140030328648064 G!! SysSessionInfoManager::GetOwnProcessSession: No session found!, Errorcode=11
2020/08/02 14:27:59.568 35812 140030328648064 G!! SysSessionInfoManager::GetOwnProcessSession: No session found!, Errorcode=11
2020/08/02 14:27:59.569 35812 140030328648064 G!! SysSessionInfoManager::GetOwnProcessSession: No session found!, Errorcode=11
2020/08/02 14:27:59.569 35812 140030328648064 G!! SysSessionInfoManager::GetOwnProcessSession: No session found!, Errorcode=11
2020/08/02 14:27:59.570 35812 140030328648064 G   AutoLogin::Login: enabled: 1
2020/08/02 14:27:59.570 35812 140030328648064 G   AccountLoginStateMachine::Reset
2020/08/02 14:27:59.570 35812 140030328648064 G!! SysSessionInfoManager::GetOwnProcessSession: No session found!, Errorcode=11
2020/08/02 14:27:59.570 35812 140030328648064 G!! ApplicationLookOfflineState::ApplicationAppearanceOfflineState: state not loaded, Errorcode=11
2020/08/02 14:27:59.571 35812 140030328648064 G!! SysSessionInfoManager::GetOwnProcessSession: No session found!, Errorcode=11
2020/08/02 14:27:59.571 35812 140030328648064 G!!!Own session could not be resolved, unable to startup, Errorcode=11
2020/08/02 14:27:59.572 35812 140030328648064 G!! SysSessionInfoManager::GetOwnProcessSession: No session found!, Errorcode=11
2020/08/02 14:27:59.572 35812 140030328648064 G   Chat::Stop: Stopping chat
2020/08/02 14:27:59.572 35812 140030328648064 G!! SysSessionInfoManager::GetOwnProcessSession: No session found!, Errorcode=11
2020/08/02 14:27:59.573 35812 140030328648064 G!! SysSessionInfoManager::GetOwnProcessSession: No session found!, Errorcode=11
2020/08/02 14:27:59.574 35812 140030328648064 G!! SysSessionInfoManager::GetOwnProcessSession: No session found!, Errorcode=11
2020/08/02 14:27:59.575 35812 140030328648064 G!! SysSessionInfoManager::GetOwnProcessSession: No session found!, Errorcode=11
2020/08/02 14:27:59.575 35812 140030328648064 G!! SysSessionInfoManager::GetOwnProcessSession: No session found!, Errorcode=11
2020/08/02 14:27:59.575 35812 140030328648064 G   InterProcessBase::ShutdownIPC: Shutdown IPC
2020/08/02 14:27:59.575 35812 140030328648064 G!! ConfigurationHub::HandleRegistrationResponse(): registering for feature 9 failed with error 2, Errorcode=11
2020/08/02 14:27:59.575 35812 140030328648064 G!! ConfigurationHub::HandleRegistrationResponse(): registering for feature 5 failed with error 2, Errorcode=11
2020/08/02 14:27:59.575 35812 140030328648064 G!! ConfigurationHub::HandleRegistrationResponse(): registering for feature 6 failed with error 2, Errorcode=11
2020/08/02 14:27:59.575 35812 140030328648064 G!! ConfigurationHub::HandleRegistrationResponse(): registering for feature 14 failed with error 2, Errorcode=11
2020/08/02 14:27:59.575 35812 140030328648064 G!! ConfigurationHub::HandleRegistrationResponse(): registering for feature 10 failed with error 2, Errorcode=11
2020/08/02 14:27:59.575 35812 140030328648064 G   interprocessbase::SecureNetwork destroyed
2020/08/02 14:27:59.577 35812 140030328648064 G   Shutting down DBus IOHandler
2020/08/02 14:28:07.176 36200 139869796893056 G   Logger started.
2020/08/02 14:28:07.178 36200 139869796893056 G   Found 0 stack dump files ...
2020/08/02 14:28:07.178 36200 139869796893056 G   Found 0 core dump files ...
2020/08/02 14:28:07.179 36200 139869796893056 G   systemd: logind service available
2020/08/02 14:28:07.180 36200 139869796893056 G   systemd: New seat seat0 [path=/org/freedesktop/login1/seat/seat0, activeSession='1', canGraphical=1, canTTY=1, canMultiSession=1]
2020/08/02 14:28:07.180 36200 139869796893056 G   LogindSessionInfo: New session LogindSessionInfo [id=1 user=cong state=user active=1 reliable=1 infoId=2212294583] [path=/org/freedesktop/login1/session/_31 TTY=tty1 seat=seat0 display= vtnr=1 owner=[SysUser: cong [uid=1000, gid=1000 home=/home/cong gecos=Cong D. Dang shell=/bin/zsh]] idle=0(1596345324971467) active=1 type=tty class=user state=active timestamp=1596345316558838 service=login defaultCG= leader=374 audit=1 remote=0 rHost= rUser= killProc=0]
2020/08/02 14:28:07.181 36200 139869796893056 G   SysSessionInfoManager: observing sessions from logind is marked as reliable
2020/08/02 14:28:07.181 36200 139869796893056 G   SysSessionInfoManager: Session Information provided by VT [priority: 2]
2020/08/02 14:28:07.181 36200 139869796893056 G!  FrameBuffer: Cannot access /dev/fb0, frame buffer support unavailable
2020/08/02 14:28:07.182 36200 139869796893056 G!! SysSessionInfoManager::GetOwnProcessSession: No session found!
2020/08/02 14:28:07.182 36200 139869796893056 G   Running on Qt 5.15.0
2020/08/02 14:28:07.330 36200 139869796893056 G   Initialised XRandR extension 1.6 (base=89 error=147)
2020/08/02 14:28:07.930 36200 139869796893056 G   MonitorInfo: [XRandR 1.2] CRTC HDMI-2 1920x1080@60Hz [0, 0, 1920, 1080] - 1
2020/08/02 14:28:07.930 36200 139869796893056 G   MonitorInfo: [XRandR 1.2] CRTC DVI-D-1 1920x1080@60Hz [1920, 0, 3840, 1080] - 1
2020/08/02 14:28:07.930 36200 139869796893056 G   MonitorInfo: [XRandR 1.2] CRTC 2 has no outputs
2020/08/02 14:28:07.931 36200 139869796893056 G   MonitorInfo: [XRandR 1.2] CRTC 3 has no outputs
2020/08/02 14:28:07.931 36200 139869796893056 G   MonitorInfo: [XRandR 1.2] CRTC 4 has no outputs
2020/08/02 14:28:07.931 36200 139869796893056 G   MonitorInfo: [XRandR 1.2] CRTC 5 has no outputs
2020/08/02 14:28:07.931 36200 139869796893056 G   MonitorInfo: [XRandR 1.2] CRTC 6 has no outputs
2020/08/02 14:28:07.931 36200 139869796893056 G   Virtual Desktop [0, 0, 3840, 1080]
2020/08/02 14:28:08.533 36200 139869796893056 G   MonitorInfo: [XRandR 1.2] CRTC HDMI-2 1920x1080@60Hz [0, 0, 1920, 1080] - 1
2020/08/02 14:28:08.533 36200 139869796893056 G   MonitorInfo: [XRandR 1.2] CRTC DVI-D-1 1920x1080@60Hz [1920, 0, 3840, 1080] - 1
2020/08/02 14:28:08.534 36200 139869796893056 G   MonitorInfo: [XRandR 1.2] CRTC 2 has no outputs
2020/08/02 14:28:08.534 36200 139869796893056 G   MonitorInfo: [XRandR 1.2] CRTC 3 has no outputs
2020/08/02 14:28:08.534 36200 139869796893056 G   MonitorInfo: [XRandR 1.2] CRTC 4 has no outputs
2020/08/02 14:28:08.534 36200 139869796893056 G   MonitorInfo: [XRandR 1.2] CRTC 5 has no outputs
2020/08/02 14:28:08.534 36200 139869796893056 G   MonitorInfo: [XRandR 1.2] CRTC 6 has no outputs
2020/08/02 14:28:08.534 36200 139869796893056 G   Virtual Desktop [0, 0, 3840, 1080]
2020/08/02 14:28:08.534 36200 139869796893056 G!! MonitorInfo: WorkingArea: Property error 14 (0)
2020/08/02 14:28:08.537 36200 139869796893056 G!! SysSessionInfoManager::GetOwnProcessSession: No session found!
2020/08/02 14:28:08.538 36200 139869796893056 G!! StorageTextfileBackend::Open: Unable to open configuration file '/home/cong/.config/teamviewer/client.conf' (RO)
2020/08/02 14:28:08.540 36200 139869796893056 G!! ResourceLoader: loaded file '/opt/teamviewer/tv_bin/resources/TVResource_en.so' version () is not matching with application version (15.8.3)
2020/08/02 14:28:08.540 36200 139869796893056 G   Loaded language 'en', using locale 'en'
2020/08/02 14:28:08.540 36200 139869796893056 G   InterProcessBase::SecureNetwork created
2020/08/02 14:28:08.541 36200 139869796893056 G!! SysSessionInfoManager::GetOwnProcessSession: No session found!, Errorcode=11
2020/08/02 14:28:08.542 36200 139869796893056 G!! SysSessionInfoManager::GetOwnProcessSession: No session found!, Errorcode=11
2020/08/02 14:28:08.543 36200 139869796893056 G!! SysSessionInfoManager::GetOwnProcessSession: No session found!, Errorcode=11
2020/08/02 14:28:08.543 36200 139869796893056 G!! SysSessionInfoManager::GetOwnProcessSession: No session found!, Errorcode=11
2020/08/02 14:28:08.544 36200 139869796893056 G!! SysSessionInfoManager::GetOwnProcessSession: No session found!, Errorcode=11
2020/08/02 14:28:08.545 36200 139869796893056 G!! SysSessionInfoManager::GetOwnProcessSession: No session found!, Errorcode=11
2020/08/02 14:28:08.545 36200 139869796893056 G   AutoLogin::Login: enabled: 1
2020/08/02 14:28:08.545 36200 139869796893056 G   AccountLoginStateMachine::Reset
2020/08/02 14:28:08.546 36200 139869796893056 G!! SysSessionInfoManager::GetOwnProcessSession: No session found!, Errorcode=11
2020/08/02 14:28:08.546 36200 139869796893056 G!! ApplicationLookOfflineState::ApplicationAppearanceOfflineState: state not loaded, Errorcode=11
2020/08/02 14:28:08.547 36200 139869796893056 G!! SysSessionInfoManager::GetOwnProcessSession: No session found!, Errorcode=11
2020/08/02 14:28:08.547 36200 139869796893056 G!!!Own session could not be resolved, unable to startup, Errorcode=11
2020/08/02 14:28:08.548 36200 139869796893056 G!! SysSessionInfoManager::GetOwnProcessSession: No session found!, Errorcode=11
2020/08/02 14:28:08.548 36200 139869796893056 G   Chat::Stop: Stopping chat
2020/08/02 14:28:08.549 36200 139869796893056 G!! SysSessionInfoManager::GetOwnProcessSession: No session found!, Errorcode=11
2020/08/02 14:28:08.550 36200 139869796893056 G!! SysSessionInfoManager::GetOwnProcessSession: No session found!, Errorcode=11
2020/08/02 14:28:08.550 36200 139869796893056 G!! SysSessionInfoManager::GetOwnProcessSession: No session found!, Errorcode=11
2020/08/02 14:28:08.551 36200 139869796893056 G!! SysSessionInfoManager::GetOwnProcessSession: No session found!, Errorcode=11
2020/08/02 14:28:08.551 36200 139869796893056 G!! SysSessionInfoManager::GetOwnProcessSession: No session found!, Errorcode=11
2020/08/02 14:28:08.551 36200 139869796893056 G   InterProcessBase::ShutdownIPC: Shutdown IPC
2020/08/02 14:28:08.551 36200 139869796893056 G!! ConfigurationHub::HandleRegistrationResponse(): registering for feature 9 failed with error 2, Errorcode=11
2020/08/02 14:28:08.551 36200 139869796893056 G!! ConfigurationHub::HandleRegistrationResponse(): registering for feature 5 failed with error 2, Errorcode=11
2020/08/02 14:28:08.551 36200 139869796893056 G!! ConfigurationHub::HandleRegistrationResponse(): registering for feature 6 failed with error 2, Errorcode=11
2020/08/02 14:28:08.551 36200 139869796893056 G!! ConfigurationHub::HandleRegistrationResponse(): registering for feature 14 failed with error 2, Errorcode=11
2020/08/02 14:28:08.551 36200 139869796893056 G!! ConfigurationHub::HandleRegistrationResponse(): registering for feature 10 failed with error 2, Errorcode=11
2020/08/02 14:28:08.551 36200 139869796893056 G   interprocessbase::SecureNetwork destroyed
2020/08/02 14:28:08.553 36200 139869796893056 G   Shutting down DBus IOHandler
